2025-07-08 15:38:57,898 - INFO - Set parameter Username
2025-07-08 15:38:58,033 - INFO - Set parameter LicenseID to value 2609931
2025-07-08 15:38:58,041 - INFO - Academic license - for non-commercial use only - expires 2026-01-14
2025-07-08 15:38:58,374 - INFO - Read LP format model from file C:\Users\HP\AppData\Local\Temp\tmpn0_t49_o.pyomo.lp
2025-07-08 15:38:58,376 - INFO - Reading time = 0.03 seconds
2025-07-08 15:38:58,376 - INFO - x1: 92 rows, 99 columns, 396 nonzeros
2025-07-08 15:38:58,378 - INFO - Set parameter TimeLimit to value 600
2025-07-08 15:38:58,378 - INFO - Set parameter MIPGap to value 0.0001
2025-07-08 15:38:58,380 - INFO - Gurobi Optimizer version 12.0.1 build v12.0.1rc0 (win64 - Windows 11.0 (22631.2))
2025-07-08 15:38:58,381 - INFO - 
2025-07-08 15:38:58,381 - INFO - CPU model: AMD Ryzen 5 3550H with Radeon Vega Mobile Gfx, instruction set [SSE2|AVX|AVX2]
2025-07-08 15:38:58,381 - INFO - Thread count: 4 physical cores, 8 logical processors, using up to 8 threads
2025-07-08 15:38:58,382 - INFO - 
2025-07-08 15:38:58,382 - INFO - Non-default parameters:
2025-07-08 15:38:58,383 - INFO - TimeLimit  600
2025-07-08 15:38:58,383 - INFO - 
2025-07-08 15:38:58,384 - INFO - Optimize a model with 92 rows, 99 columns and 396 nonzeros
2025-07-08 15:38:58,386 - INFO - Model fingerprint: 0x29c3e256
2025-07-08 15:38:58,387 - INFO - Variable types: 0 continuous, 99 integer (90 binary)
2025-07-08 15:38:58,391 - INFO - Coefficient statistics:
2025-07-08 15:38:58,392 - INFO -   Matrix range     [1e+00, 1e+01]
2025-07-08 15:38:58,392 - INFO -   Objective range  [8e+01, 2e+03]
2025-07-08 15:38:58,393 - INFO -   Bounds range     [1e+00, 9e+00]
2025-07-08 15:38:58,394 - INFO -   RHS range        [1e+00, 9e+00]
2025-07-08 15:38:58,453 - INFO - Presolve time: 0.05s
2025-07-08 15:38:58,456 - INFO - Presolved: 92 rows, 99 columns, 396 nonzeros
2025-07-08 15:38:58,484 - INFO - Variable types: 0 continuous, 99 integer (90 binary)
2025-07-08 15:38:58,523 - INFO - Found heuristic solution: objective 15493.384329
2025-07-08 15:38:58,530 - INFO - Found heuristic solution: objective 10356.660170
2025-07-08 15:38:58,538 - INFO - 
2025-07-08 15:38:58,539 - INFO - Root relaxation: objective 2.697276e+03, 29 iterations, 0.01 seconds (0.00 work units)
2025-07-08 15:38:58,554 - INFO - 
2025-07-08 15:38:58,554 - INFO -     Nodes    |    Current Node    |     Objective Bounds      |     Work
2025-07-08 15:38:58,555 - INFO -  Expl Unexpl |  Obj  Depth IntInf | Incumbent    BestBd   Gap | It/Node Time
2025-07-08 15:38:58,555 - INFO - 
2025-07-08 15:38:58,556 - INFO -      0     0 2697.27606    0   14 10356.6602 2697.27606  74.0%     -    0s
2025-07-08 15:38:58,560 - INFO - H    0     0                    9817.1334098 2697.27606  72.5%     -    0s
2025-07-08 15:38:58,576 - INFO - H    0     0                    8019.5298790 2697.27606  66.4%     -    0s
2025-07-08 15:38:58,577 - INFO - H    0     0                    7172.7603563 2697.27606  62.4%     -    0s
2025-07-08 15:38:58,580 - INFO -      0     0 3483.99600    0   15 7172.76036 3483.99600  51.4%     -    0s
2025-07-08 15:38:58,597 - INFO -      0     0 3625.29107    0   22 7172.76036 3625.29107  49.5%     -    0s
2025-07-08 15:38:58,606 - INFO -      0     0 3639.34799    0   21 7172.76036 3639.34799  49.3%     -    0s
2025-07-08 15:38:58,608 - INFO -      0     0 3660.17140    0   22 7172.76036 3660.17140  49.0%     -    0s
2025-07-08 15:38:58,628 - INFO - H    0     0                    7145.5155222 3792.41340  46.9%     -    0s
2025-07-08 15:38:58,630 - INFO - H    0     0                    7051.5100630 3792.41340  46.2%     -    0s
2025-07-08 15:38:58,632 - INFO -      0     0 3908.88385    0   22 7051.51006 3908.88385  44.6%     -    0s
2025-07-08 15:38:58,638 - INFO -      0     0 3988.41472    0   22 7051.51006 3988.41472  43.4%     -    0s
2025-07-08 15:38:58,640 - INFO -      0     0 3988.41472    0   23 7051.51006 3988.41472  43.4%     -    0s
2025-07-08 15:38:58,643 - INFO -      0     0 3988.41472    0   23 7051.51006 3988.41472  43.4%     -    0s
2025-07-08 15:38:58,684 - INFO - H    0     0                    7034.5831575 3988.41472  43.3%     -    0s
2025-07-08 15:38:58,685 - INFO -      0     0 3988.41472    0   26 7034.58316 3988.41472  43.3%     -    0s
2025-07-08 15:38:58,691 - INFO - H    0     0                    6997.4477176 3988.41472  43.0%     -    0s
2025-07-08 15:38:58,701 - INFO - H    0     0                    6698.2216854 3988.41472  40.5%     -    0s
2025-07-08 15:38:58,703 - INFO -      0     0 3988.41472    0   27 6698.22169 3988.41472  40.5%     -    0s
2025-07-08 15:38:58,724 - INFO -      0     0 4050.86101    0   26 6698.22169 4050.86101  39.5%     -    0s
2025-07-08 15:38:58,733 - INFO - H    0     0                    6555.0661130 4050.86101  38.2%     -    0s
2025-07-08 15:38:58,742 - INFO - H    0     0                    6350.6561441 4059.04789  36.1%     -    0s
2025-07-08 15:38:58,752 - INFO -      0     2 4059.04789    0   20 6350.65614 4059.04789  36.1%     -    0s
2025-07-08 15:38:58,793 - INFO - H   82    64                    6177.4967771 4059.04789  34.3%   5.1    0s
2025-07-08 15:38:59,029 - INFO - 
2025-07-08 15:38:59,029 - INFO - Cutting planes:
2025-07-08 15:38:59,030 - INFO -   Learned: 3
2025-07-08 15:38:59,030 - INFO -   Gomory: 5
2025-07-08 15:38:59,030 - INFO -   Implied bound: 14
2025-07-08 15:38:59,031 - INFO -   MIR: 26
2025-07-08 15:38:59,031 - INFO -   StrongCG: 1
2025-07-08 15:38:59,031 - INFO -   Inf proof: 2
2025-07-08 15:38:59,031 - INFO -   Zero half: 3
2025-07-08 15:38:59,032 - INFO -   Mod-K: 3
2025-07-08 15:38:59,032 - INFO -   RLT: 4
2025-07-08 15:38:59,032 - INFO -   Relax-and-lift: 11
2025-07-08 15:38:59,033 - INFO -   BQP: 1
2025-07-08 15:38:59,033 - INFO -   PSD: 7
2025-07-08 15:38:59,034 - INFO - 
2025-07-08 15:38:59,034 - INFO - Explored 1223 nodes (5798 simplex iterations) in 0.65 seconds (0.08 work units)
2025-07-08 15:38:59,034 - INFO - Thread count was 8 (of 8 available processors)
2025-07-08 15:38:59,035 - INFO - 
2025-07-08 15:38:59,035 - INFO - Solution count 10: 6177.5 6350.66 6555.07 ... 8019.53
2025-07-08 15:38:59,035 - INFO - 
2025-07-08 15:38:59,036 - INFO - Optimal solution found (tolerance 1.00e-04)
2025-07-08 15:38:59,038 - INFO - Best objective 6.177496777117e+03, best bound 6.177496777117e+03, gap 0.0000%
2025-07-08 15:39:03,054 - INFO - Read LP format model from file C:\Users\HP\AppData\Local\Temp\tmp54wyazpo.pyomo.lp
2025-07-08 15:39:03,055 - INFO - Reading time = 0.04 seconds
2025-07-08 15:39:03,056 - INFO - x1: 382 rows, 399 columns, 1786 nonzeros
2025-07-08 15:39:03,057 - INFO - Set parameter TimeLimit to value 600
2025-07-08 15:39:03,057 - INFO - Set parameter MIPGap to value 0.0001
2025-07-08 15:39:03,058 - INFO - Gurobi Optimizer version 12.0.1 build v12.0.1rc0 (win64 - Windows 11.0 (22631.2))
2025-07-08 15:39:03,058 - INFO - 
2025-07-08 15:39:03,059 - INFO - CPU model: AMD Ryzen 5 3550H with Radeon Vega Mobile Gfx, instruction set [SSE2|AVX|AVX2]
2025-07-08 15:39:03,059 - INFO - Thread count: 4 physical cores, 8 logical processors, using up to 8 threads
2025-07-08 15:39:03,060 - INFO - 
2025-07-08 15:39:03,060 - INFO - Non-default parameters:
2025-07-08 15:39:03,061 - INFO - TimeLimit  600
2025-07-08 15:39:03,061 - INFO - 
2025-07-08 15:39:03,061 - INFO - Optimize a model with 382 rows, 399 columns and 1786 nonzeros
2025-07-08 15:39:03,062 - INFO - Model fingerprint: 0xd1bf8d7b
2025-07-08 15:39:03,062 - INFO - Variable types: 0 continuous, 399 integer (380 binary)
2025-07-08 15:39:03,062 - INFO - Coefficient statistics:
2025-07-08 15:39:03,063 - INFO -   Matrix range     [1e+00, 2e+01]
2025-07-08 15:39:03,063 - INFO -   Objective range  [5e+01, 2e+03]
2025-07-08 15:39:03,064 - INFO -   Bounds range     [1e+00, 2e+01]
2025-07-08 15:39:03,064 - INFO -   RHS range        [1e+00, 2e+01]
2025-07-08 15:39:03,073 - INFO - Presolve time: 0.01s
2025-07-08 15:39:03,074 - INFO - Presolved: 382 rows, 399 columns, 1786 nonzeros
2025-07-08 15:39:03,079 - INFO - Variable types: 0 continuous, 399 integer (380 binary)
2025-07-08 15:39:03,088 - INFO - Found heuristic solution: objective 19995.686950
2025-07-08 15:39:03,093 - INFO - 
2025-07-08 15:39:03,093 - INFO - Root relaxation: objective 5.647328e+03, 64 iterations, 0.00 seconds (0.00 work units)
2025-07-08 15:39:03,109 - INFO - 
2025-07-08 15:39:03,112 - INFO -     Nodes    |    Current Node    |     Objective Bounds      |     Work
2025-07-08 15:39:03,114 - INFO -  Expl Unexpl |  Obj  Depth IntInf | Incumbent    BestBd   Gap | It/Node Time
2025-07-08 15:39:03,115 - INFO - 
2025-07-08 15:39:03,116 - INFO -      0     0 5647.32842    0   33 19995.6870 5647.32842  71.8%     -    0s
2025-07-08 15:39:03,123 - INFO - H    0     0                    10731.387958 5647.32842  47.4%     -    0s
2025-07-08 15:39:03,146 - INFO -      0     0 6948.29364    0   32 10731.3880 6948.29364  35.3%     -    0s
2025-07-08 15:39:03,157 - INFO - H    0     0                    10699.312408 6966.69047  34.9%     -    0s
2025-07-08 15:39:03,160 - INFO -      0     0 6966.69047    0   35 10699.3124 6966.69047  34.9%     -    0s
2025-07-08 15:39:03,185 - INFO -      0     0 6975.64821    0   42 10699.3124 6975.64821  34.8%     -    0s
2025-07-08 15:39:03,190 - INFO - H    0     0                    9004.7571512 6975.64821  22.5%     -    0s
2025-07-08 15:39:03,202 - INFO -      0     0 6975.64821    0   41 9004.75715 6975.64821  22.5%     -    0s
2025-07-08 15:39:03,231 - INFO -      0     0 6975.64821    0   47 9004.75715 6975.64821  22.5%     -    0s
2025-07-08 15:39:03,237 - INFO - H    0     0                    8466.7752626 6975.64821  17.6%     -    0s
2025-07-08 15:39:03,247 - INFO -      0     0 6975.64821    0   41 8466.77526 6975.64821  17.6%     -    0s
2025-07-08 15:39:03,275 - INFO -      0     0 6975.64821    0   44 8466.77526 6975.64821  17.6%     -    0s
2025-07-08 15:39:03,292 - INFO -      0     0 6975.64821    0   47 8466.77526 6975.64821  17.6%     -    0s
2025-07-08 15:39:03,313 - INFO -      0     0 6975.64821    0   41 8466.77526 6975.64821  17.6%     -    0s
2025-07-08 15:39:03,325 - INFO -      0     0 6975.64821    0   41 8466.77526 6975.64821  17.6%     -    0s
2025-07-08 15:39:03,332 - INFO - H    0     0                    8196.6099296 6975.64821  14.9%     -    0s
2025-07-08 15:39:03,381 - INFO -      0     0 6975.64821    0   36 8196.60993 6975.64821  14.9%     -    0s
2025-07-08 15:39:03,407 - INFO -      0     0 6975.64821    0   37 8196.60993 6975.64821  14.9%     -    0s
2025-07-08 15:39:03,418 - INFO -      0     0 6975.64821    0   39 8196.60993 6975.64821  14.9%     -    0s
2025-07-08 15:39:03,447 - INFO -      0     0 6975.64821    0   47 8196.60993 6975.64821  14.9%     -    0s
2025-07-08 15:39:03,461 - INFO -      0     0 6975.64821    0   47 8196.60993 6975.64821  14.9%     -    0s
2025-07-08 15:39:03,488 - INFO -      0     0 6975.64821    0   47 8196.60993 6975.64821  14.9%     -    0s
2025-07-08 15:39:03,501 - INFO -      0     0 6975.64821    0   41 8196.60993 6975.64821  14.9%     -    0s
2025-07-08 15:39:03,552 - INFO -      0     2 6975.64821    0   39 8196.60993 6975.64821  14.9%     -    0s
2025-07-08 15:39:03,832 - INFO - H  250   235                    8180.9574047 6984.60594  14.6%   5.9    0s
2025-07-08 15:39:03,843 - INFO - H  297   280                    8132.4634794 6988.08579  14.1%   5.6    0s
2025-07-08 15:39:04,373 - INFO - H 1452  1001                    7962.0790193 7062.75822  11.3%   6.1    1s
2025-07-08 15:39:08,108 - INFO -  10287  4428 7290.84357   26   30 7962.07902 7269.26823  8.70%   6.5    5s
2025-07-08 15:39:15,117 - INFO -  30156  8931 7461.51285   29   41 7962.07902 7439.50311  6.56%   7.3   12s
2025-07-08 15:39:18,065 - INFO -  31310  9195 7439.50311   31   22 7962.07902 7439.50311  6.56%   7.3   15s
2025-07-08 15:39:23,217 - INFO -  50624  9146 7547.94308   42   36 7962.07902 7439.50311  6.56%   7.3   20s
2025-07-08 15:39:28,129 - INFO -  69537  9177 infeasible   39      7962.07902 7552.92100  5.14%   7.4   25s
2025-07-08 15:39:33,077 - INFO -  81576  7981 7646.24000   44   16 7962.07902 7623.74378  4.25%   7.7   30s
2025-07-08 15:39:38,217 - INFO -  99111  1862 7884.77510   38   15 7962.07902 7787.67949  2.19%   8.1   35s
2025-07-08 15:39:38,715 - INFO - 
2025-07-08 15:39:38,715 - INFO - Cutting planes:
2025-07-08 15:39:38,715 - INFO -   Learned: 8
2025-07-08 15:39:38,715 - INFO -   Gomory: 25
2025-07-08 15:39:38,716 - INFO -   Cover: 54
2025-07-08 15:39:38,716 - INFO -   Implied bound: 26
2025-07-08 15:39:38,716 - INFO -   Projected implied bound: 8
2025-07-08 15:39:38,716 - INFO -   Clique: 1
2025-07-08 15:39:38,717 - INFO -   MIR: 36
2025-07-08 15:39:38,717 - INFO -   Mixing: 18
2025-07-08 15:39:38,717 - INFO -   StrongCG: 4
2025-07-08 15:39:38,718 - INFO -   Flow cover: 158
2025-07-08 15:39:38,718 - INFO -   Inf proof: 15
2025-07-08 15:39:38,718 - INFO -   Zero half: 7
2025-07-08 15:39:38,719 - INFO -   RLT: 7
2025-07-08 15:39:38,719 - INFO -   Relax-and-lift: 10
2025-07-08 15:39:38,722 - INFO - 
2025-07-08 15:39:38,722 - INFO - Explored 102284 nodes (825247 simplex iterations) in 35.66 seconds (15.02 work units)
2025-07-08 15:39:38,722 - INFO - Thread count was 8 (of 8 available processors)
2025-07-08 15:39:38,722 - INFO - 
2025-07-08 15:39:38,723 - INFO - Solution count 9: 7962.08 8132.46 8180.96 ... 19995.7
2025-07-08 15:39:38,723 - INFO - 
2025-07-08 15:39:38,723 - INFO - Optimal solution found (tolerance 1.00e-04)
2025-07-08 15:39:38,723 - INFO - Best objective 7.962079019334e+03, best bound 7.962079019334e+03, gap 0.0000%
2025-07-08 15:39:39,791 - INFO - Read LP format model from file C:\Users\HP\AppData\Local\Temp\tmp6ka__ey6.pyomo.lp
2025-07-08 15:39:39,792 - INFO - Reading time = 0.03 seconds
2025-07-08 15:39:39,792 - INFO - x1: 872 rows, 899 columns, 4176 nonzeros
2025-07-08 15:39:39,793 - INFO - Set parameter TimeLimit to value 600
2025-07-08 15:39:39,794 - INFO - Set parameter MIPGap to value 0.0001
2025-07-08 15:39:39,794 - INFO - Gurobi Optimizer version 12.0.1 build v12.0.1rc0 (win64 - Windows 11.0 (22631.2))
2025-07-08 15:39:39,795 - INFO - 
2025-07-08 15:39:39,795 - INFO - CPU model: AMD Ryzen 5 3550H with Radeon Vega Mobile Gfx, instruction set [SSE2|AVX|AVX2]
2025-07-08 15:39:39,796 - INFO - Thread count: 4 physical cores, 8 logical processors, using up to 8 threads
2025-07-08 15:39:39,796 - INFO - 
2025-07-08 15:39:39,797 - INFO - Non-default parameters:
2025-07-08 15:39:39,798 - INFO - TimeLimit  600
2025-07-08 15:39:39,799 - INFO - 
2025-07-08 15:39:39,800 - INFO - Optimize a model with 872 rows, 899 columns and 4176 nonzeros
2025-07-08 15:39:39,801 - INFO - Model fingerprint: 0xc5ae0e3c
2025-07-08 15:39:39,802 - INFO - Variable types: 0 continuous, 899 integer (870 binary)
2025-07-08 15:39:39,803 - INFO - Coefficient statistics:
2025-07-08 15:39:39,804 - INFO -   Matrix range     [1e+00, 3e+01]
2025-07-08 15:39:39,804 - INFO -   Objective range  [2e+01, 3e+03]
2025-07-08 15:39:39,805 - INFO -   Bounds range     [1e+00, 3e+01]
2025-07-08 15:39:39,805 - INFO -   RHS range        [1e+00, 3e+01]
2025-07-08 15:39:39,820 - INFO - Presolve time: 0.01s
2025-07-08 15:39:39,821 - INFO - Presolved: 872 rows, 899 columns, 4176 nonzeros
2025-07-08 15:39:39,827 - INFO - Variable types: 0 continuous, 899 integer (870 binary)
2025-07-08 15:39:39,835 - INFO - Found heuristic solution: objective 38664.329381
2025-07-08 15:39:39,839 - INFO - Found heuristic solution: objective 34573.439822
2025-07-08 15:39:39,843 - INFO - 
2025-07-08 15:39:39,844 - INFO - Root relaxation: objective 6.925470e+03, 92 iterations, 0.01 seconds (0.00 work units)
2025-07-08 15:39:39,861 - INFO - 
2025-07-08 15:39:39,862 - INFO -     Nodes    |    Current Node    |     Objective Bounds      |     Work
2025-07-08 15:39:39,863 - INFO -  Expl Unexpl |  Obj  Depth IntInf | Incumbent    BestBd   Gap | It/Node Time
2025-07-08 15:39:39,863 - INFO - 
2025-07-08 15:39:39,865 - INFO -      0     0 6925.47016    0   55 34573.4398 6925.47016  80.0%     -    0s
2025-07-08 15:39:39,877 - INFO - H    0     0                    12711.130184 6925.47016  45.5%     -    0s
2025-07-08 15:39:39,890 - INFO - H    0     0                    12559.333765 6925.47016  44.9%     -    0s
2025-07-08 15:39:39,933 - INFO - H    0     0                    12510.839840 6925.47016  44.6%     -    0s
2025-07-08 15:39:39,981 - INFO - H    0     0                    12362.655158 6925.47016  44.0%     -    0s
2025-07-08 15:39:40,045 - INFO - H    0     0                    11894.339739 6925.47016  41.8%     -    0s
2025-07-08 15:39:40,046 - INFO - H    0     0                    11746.155056 6925.47016  41.0%     -    0s
2025-07-08 15:39:40,059 - INFO -      0     0 8507.98200    0   70 11746.1551 8507.98200  27.6%     -    0s
2025-07-08 15:39:40,072 - INFO - H    0     0                    11688.437293 8507.98200  27.2%     -    0s
2025-07-08 15:39:40,075 - INFO -      0     0 8507.98200    0   70 11688.4373 8507.98200  27.2%     -    0s
2025-07-08 15:39:40,122 - INFO - H    0     0                    11438.855634 8507.98200  25.6%     -    0s
2025-07-08 15:39:40,135 - INFO -      0     0 8507.98200    0   78 11438.8556 8507.98200  25.6%     -    0s
2025-07-08 15:39:40,144 - INFO -      0     0 8507.98200    0   77 11438.8556 8507.98200  25.6%     -    0s
2025-07-08 15:39:40,191 - INFO -      0     0 8515.59267    0   79 11438.8556 8515.59267  25.6%     -    0s
2025-07-08 15:39:40,202 - INFO -      0     0 8518.05475    0   89 11438.8556 8518.05475  25.5%     -    0s
2025-07-08 15:39:40,206 - INFO -      0     0 8518.05475    0   89 11438.8556 8518.05475  25.5%     -    0s
2025-07-08 15:39:40,265 - INFO -      0     0 8810.32170    0   63 11438.8556 8810.32170  23.0%     -    0s
2025-07-08 15:39:40,273 - INFO -      0     0 8814.19949    0   72 11438.8556 8814.19949  22.9%     -    0s
2025-07-08 15:39:40,279 - INFO -      0     0 8814.19949    0   78 11438.8556 8814.19949  22.9%     -    0s
2025-07-08 15:39:40,319 - INFO - H    0     0                    11043.321210 8814.19949  20.2%     -    0s
2025-07-08 15:39:40,324 - INFO -      0     0 8814.19949    0   77 11043.3212 8814.19949  20.2%     -    0s
2025-07-08 15:39:40,336 - INFO -      0     0 8842.62950    0   78 11043.3212 8842.62950  19.9%     -    0s
2025-07-08 15:39:40,375 - INFO -      0     0 8842.62950    0   79 11043.3212 8842.62950  19.9%     -    0s
2025-07-08 15:39:40,446 - INFO - H    0     0                    10850.645513 8842.62950  18.5%     -    0s
2025-07-08 15:39:40,517 - INFO - H    0     0                    10793.739550 8842.62950  18.1%     -    0s
2025-07-08 15:39:40,597 - INFO - H    0     0                    10772.465111 8842.62950  17.9%     -    0s
2025-07-08 15:39:40,732 - INFO - H    0     0                    10524.049339 8842.62950  16.0%     -    0s
2025-07-08 15:39:40,752 - INFO -      0     0 9061.51275    0   80 10524.0493 9061.51275  13.9%     -    0s
2025-07-08 15:39:40,764 - INFO - H    0     0                    10440.578521 9061.51275  13.2%     -    0s
2025-07-08 15:39:40,770 - INFO -      0     0 9061.51275    0   80 10440.5785 9061.51275  13.2%     -    0s
2025-07-08 15:39:40,776 - INFO -      0     0 9061.51275    0   81 10440.5785 9061.51275  13.2%     -    0s
2025-07-08 15:39:40,844 - INFO -      0     0 9095.70314    0   64 10440.5785 9095.70314  12.9%     -    1s
2025-07-08 15:39:40,851 - INFO -      0     0 9116.57084    0   63 10440.5785 9116.57084  12.7%     -    1s
2025-07-08 15:39:40,901 - INFO -      0     0 9116.57084    0   66 10440.5785 9116.57084  12.7%     -    1s
2025-07-08 15:39:40,980 - INFO -      0     0 9123.55149    0   65 10440.5785 9123.55149  12.6%     -    1s
2025-07-08 15:39:41,044 - INFO -      0     0 9123.55149    0   60 10440.5785 9123.55149  12.6%     -    1s
2025-07-08 15:39:41,072 - INFO -      0     0 9123.55149    0   60 10440.5785 9123.55149  12.6%     -    1s
2025-07-08 15:39:41,161 - INFO -      0     0 9128.40331    0   54 10440.5785 9128.40331  12.6%     -    1s
2025-07-08 15:39:41,232 - INFO -      0     0 9128.40331    0   70 10440.5785 9128.40331  12.6%     -    1s
2025-07-08 15:39:41,258 - INFO -      0     0 9128.40331    0   61 10440.5785 9128.40331  12.6%     -    1s
2025-07-08 15:39:41,262 - INFO -      0     0 9128.40331    0   61 10440.5785 9128.40331  12.6%     -    1s
2025-07-08 15:39:41,340 - INFO -      0     0 9131.77093    0   52 10440.5785 9131.77093  12.5%     -    1s
2025-07-08 15:39:41,433 - INFO -      0     0 9132.13773    0   47 10440.5785 9132.13773  12.5%     -    1s
2025-07-08 15:39:41,509 - INFO -      0     0 9133.79245    0   46 10440.5785 9133.79245  12.5%     -    1s
2025-07-08 15:39:41,564 - INFO -      0     0 9133.79245    0   46 10440.5785 9133.79245  12.5%     -    1s
2025-07-08 15:39:41,593 - INFO -      0     0 9133.79245    0   43 10440.5785 9133.79245  12.5%     -    1s
2025-07-08 15:39:41,667 - INFO -      0     2 9142.24190    0   41 10440.5785 9142.24190  12.4%     -    1s
2025-07-08 15:39:41,896 - INFO - H   32    36                    10384.172893 9174.80205  11.6%  20.6    2s
2025-07-08 15:39:43,669 - INFO - H 1259  1016                    10376.697858 9289.19731  10.5%   8.5    3s
2025-07-08 15:39:43,698 - INFO - H 1259   965                    10320.292229 9289.19731  10.0%   8.5    3s
2025-07-08 15:39:44,847 - INFO -   1273   974 9698.21075   61   93 10320.2922 9301.99998  9.87%   8.4    5s
2025-07-08 15:39:49,935 - INFO -   9505  5924 9547.42485   26   50 10320.2922 9403.02968  8.89%   9.5   10s
2025-07-08 15:39:54,868 - INFO -  19116 12896 10195.1641   30   12 10320.2922 9449.79882  8.43%   9.0   15s
2025-07-08 15:40:01,763 - INFO -  30019 19374 10013.2424   60   60 10320.2922 9477.13227  8.17%   8.7   21s
2025-07-08 15:40:04,966 - INFO -  30038 19387 9797.92240   53   59 10320.2922 9477.13227  8.17%   8.7   25s
2025-07-08 15:40:09,878 - INFO -  33950 20700 9750.97613   67   45 10320.2922 9477.13227  8.17%   9.0   30s
2025-07-08 15:40:14,917 - INFO -  48801 25986 10237.5270   52   53 10320.2922 9488.69331  8.06%   9.0   35s
2025-07-08 15:40:20,015 - INFO -  65087 30908 9577.84662   40   56 10320.2922 9529.77377  7.66%   9.1   40s
2025-07-08 15:40:25,023 - INFO -  80588 35538 9652.86479   48   51 10320.2922 9556.88751  7.40%   9.2   45s
2025-07-08 15:40:29,879 - INFO -  93706 40364 9736.41487   45   53 10320.2922 9572.98700  7.24%   9.2   50s
2025-07-08 15:40:34,931 - INFO -  108809 48757 9880.03931   39   42 10320.2922 9588.10746  7.09%   9.2   55s
2025-07-08 15:40:39,862 - INFO -  123716 56605 10247.5841   54   16 10320.2922 9603.54287  6.95%   9.2   60s
2025-07-08 15:40:45,065 - INFO -  138659 64802 10174.2380   53   26 10320.2922 9616.80217  6.82%   9.2   65s
2025-07-08 15:40:50,003 - INFO -  152646 71706 9928.57806   57   27 10320.2922 9627.66083  6.71%   9.3   70s
2025-07-08 15:40:54,985 - INFO -  166601 78645 9994.15121   55   30 10320.2922 9637.80500  6.61%   9.3   75s
2025-07-08 15:40:59,847 - INFO -  178797 84870 infeasible   53      10320.2922 9646.05703  6.53%   9.3   80s
2025-07-08 15:41:04,939 - INFO -  188984 89209 9909.00175   53   20 10320.2922 9652.38422  6.47%   9.3   85s
2025-07-08 15:41:10,191 - INFO -  199562 94864     cutoff   45      10320.2922 9659.29204  6.40%   9.4   90s
2025-07-08 15:41:14,880 - INFO -  208310 98679 9895.54441   58   11 10320.2922 9664.15411  6.36%   9.4   95s
2025-07-08 15:41:20,002 - INFO -  221118 104553 9966.94541   49   51 10320.2922 9671.61078  6.29%   9.4  100s
2025-07-08 15:41:24,818 - INFO -  232136 109120 infeasible   75      10320.2922 9677.32003  6.23%   9.5  105s
2025-07-08 15:41:30,100 - INFO -  244360 114160     cutoff   48      10320.2922 9684.23002  6.16%   9.5  110s
2025-07-08 15:41:34,933 - INFO -  255172 118556 10151.4485   55   39 10320.2922 9689.43392  6.11%   9.6  115s
2025-07-08 15:41:40,056 - INFO -  266375 123025 10245.0159   52   11 10320.2922 9694.63936  6.06%   9.6  120s
2025-07-08 15:41:44,884 - INFO -  277468 127266 9907.61765   56   22 10320.2922 9699.61708  6.01%   9.6  125s
2025-07-08 15:41:49,982 - INFO -  289193 131756 10193.1514   51   15 10320.2922 9704.79956  5.96%   9.6  130s
2025-07-08 15:41:54,807 - INFO -  299831 135575 9773.39043   38   21 10320.2922 9709.18719  5.92%   9.6  135s
2025-07-08 15:41:59,965 - INFO -  312189 140061     cutoff   51      10320.2922 9714.53894  5.87%   9.6  140s
2025-07-08 15:42:05,081 - INFO -  324510 144419 9928.64008   38    8 10320.2922 9719.23524  5.82%   9.6  145s
2025-07-08 15:42:09,983 - INFO -  335909 148556 10034.7476   53   46 10320.2922 9723.70989  5.78%   9.7  150s
2025-07-08 15:42:15,222 - INFO -  347456 152974 10174.4309   47   36 10320.2922 9727.88046  5.74%   9.7  155s
2025-07-08 15:42:20,015 - INFO -  357525 156291 9864.05418   46   20 10320.2922 9731.53761  5.70%   9.7  160s
2025-07-08 15:42:24,866 - INFO -  368595 160024 9952.53281   47   50 10320.2922 9735.61085  5.67%   9.7  165s
2025-07-08 15:42:29,807 - INFO -  380419 164420 10150.0167   48   36 10320.2922 9739.92727  5.62%   9.7  170s
2025-07-08 15:42:34,912 - INFO -  393435 169076 10059.2271   58   51 10320.2922 9744.07295  5.58%   9.7  175s
2025-07-08 15:42:37,718 - INFO - H399291 170700                    10320.291354 9745.88591  5.57%   9.7  177s
2025-07-08 15:42:39,954 - INFO -  403525 172412     cutoff   57      10320.2914 9747.25641  5.55%   9.7  180s
2025-07-08 15:42:44,950 - INFO -  414559 175939 9939.29159   50   33 10320.2914 9751.10759  5.52%   9.8  185s
2025-07-08 15:42:49,943 - INFO -  426387 179626 10319.7203   47   16 10320.2914 9754.42984  5.48%   9.8  190s
2025-07-08 15:42:55,037 - INFO -  438045 183280 10013.2964   47    9 10320.2914 9757.93547  5.45%   9.8  195s
2025-07-08 15:43:00,092 - INFO -  449815 186988 10062.0070   41   38 10320.2914 9761.24366  5.42%   9.8  200s
2025-07-08 15:43:05,010 - INFO -  460729 190410 9913.29558   44   52 10320.2914 9764.72985  5.38%   9.8  205s
2025-07-08 15:43:10,117 - INFO -  470650 193609 9965.24288   57   27 10320.2914 9767.25404  5.36%   9.8  210s
2025-07-08 15:43:14,836 - INFO -  480051 196775 9842.62214   49   15 10320.2914 9769.90562  5.33%   9.8  215s
2025-07-08 15:43:20,248 - INFO -  491103 200830 10111.4586   46   31 10320.2914 9772.68043  5.31%   9.8  220s
2025-07-08 15:43:24,980 - INFO -  501098 204021 10216.0687   59   12 10320.2914 9775.38940  5.28%   9.9  225s
2025-07-08 15:43:30,165 - INFO -  510842 207410 10128.1712   51    6 10320.2914 9777.83401  5.26%   9.9  230s
2025-07-08 15:43:35,089 - INFO -  520898 210203 9971.05858   43   24 10320.2914 9780.61925  5.23%   9.9  235s
2025-07-08 15:43:39,890 - INFO -  528432 212241 10101.7873   54   64 10320.2914 9782.61526  5.21%   9.9  240s
2025-07-08 15:43:45,087 - INFO -  539562 215622 infeasible   50      10320.2914 9785.44203  5.18%   9.9  245s
2025-07-08 15:43:49,863 - INFO -  549916 218640 infeasible   48      10320.2914 9788.03038  5.16%   9.9  250s
2025-07-08 15:43:54,823 - INFO -  559418 221721 9986.64120   48   48 10320.2914 9790.32044  5.14%   9.9  255s
2025-07-08 15:43:59,832 - INFO -  570510 225274     cutoff   52      10320.2914 9792.81957  5.11%   9.9  260s
2025-07-08 15:44:05,008 - INFO -  581025 228367 infeasible   50      10320.2914 9795.23433  5.09%  10.0  265s
2025-07-08 15:44:09,892 - INFO -  590964 231229 9926.24947   46   46 10320.2914 9797.70495  5.06%  10.0  270s
2025-07-08 15:44:14,919 - INFO -  601512 234292 9989.91475   52   39 10320.2914 9799.97779  5.04%  10.0  275s
2025-07-08 15:44:20,046 - INFO -  612900 237429 10299.9648   52   15 10320.2914 9802.16017  5.02%  10.0  280s
2025-07-08 15:44:24,984 - INFO -  622413 239983 9971.60439   42   54 10320.2914 9804.09565  5.00%  10.0  285s
2025-07-08 15:44:29,988 - INFO -  631245 242525 infeasible   50      10320.2914 9805.95382  4.98%  10.0  290s
2025-07-08 15:44:34,890 - INFO -  640966 244891 10205.0917   51   34 10320.2914 9807.93971  4.96%  10.1  295s
2025-07-08 15:44:40,183 - INFO -  651258 247687     cutoff   46      10320.2914 9809.98969  4.94%  10.1  300s
2025-07-08 15:44:44,840 - INFO -  660428 249792 10183.1237   64   24 10320.2914 9811.70933  4.93%  10.1  305s
2025-07-08 15:44:49,860 - INFO -  669614 251972 9994.13809   58   23 10320.2914 9813.46666  4.91%  10.1  310s
2025-07-08 15:44:55,128 - INFO -  680709 255090 10131.0407   63   26 10320.2914 9815.64580  4.89%  10.1  315s
2025-07-08 15:45:00,038 - INFO -  690862 257615 9916.69962   55   24 10320.2914 9817.76884  4.87%  10.1  320s
2025-07-08 15:45:05,404 - INFO -  699414 259836 10005.6539   54   25 10320.2914 9819.30851  4.85%  10.1  325s
2025-07-08 15:45:10,110 - INFO -  710183 262273 9919.57010   44   42 10320.2914 9821.66622  4.83%  10.1  330s
2025-07-08 15:45:14,837 - INFO -  719878 264535 9935.95735   41   66 10320.2914 9823.37947  4.81%  10.1  335s
2025-07-08 15:45:20,145 - INFO -  729827 267069 9866.85062   45   37 10320.2914 9825.30364  4.80%  10.1  340s
2025-07-08 15:45:24,973 - INFO -  738188 269041     cutoff   53      10320.2914 9826.91192  4.78%  10.1  345s
2025-07-08 15:45:28,957 - INFO - Set parameter Username
2025-07-08 15:45:28,965 - INFO - Set parameter LicenseID to value 2609931
2025-07-08 15:45:28,969 - INFO - Academic license - for non-commercial use only - expires 2026-01-14
2025-07-08 15:45:29,132 - INFO - Read LP format model from file C:\Users\HP\AppData\Local\Temp\tmpdu3gkvnt.pyomo.lp
2025-07-08 15:45:29,136 - INFO - Reading time = 0.12 seconds
2025-07-08 15:45:29,141 - INFO - x1: 92 rows, 99 columns, 396 nonzeros
2025-07-08 15:45:29,144 - INFO - Set parameter TimeLimit to value 600
2025-07-08 15:45:29,150 - INFO - Set parameter MIPGap to value 0.0001
2025-07-08 15:45:29,153 - INFO - Gurobi Optimizer version 12.0.1 build v12.0.1rc0 (win64 - Windows 11.0 (22631.2))
2025-07-08 15:45:29,154 - INFO - 
2025-07-08 15:45:29,156 - INFO - CPU model: AMD Ryzen 5 3550H with Radeon Vega Mobile Gfx, instruction set [SSE2|AVX|AVX2]
2025-07-08 15:45:29,156 - INFO - Thread count: 4 physical cores, 8 logical processors, using up to 8 threads
2025-07-08 15:45:29,157 - INFO - 
2025-07-08 15:45:29,160 - INFO - Non-default parameters:
2025-07-08 15:45:29,163 - INFO - TimeLimit  600
2025-07-08 15:45:29,165 - INFO - 
2025-07-08 15:45:29,167 - INFO - Optimize a model with 92 rows, 99 columns and 396 nonzeros
2025-07-08 15:45:29,175 - INFO - Model fingerprint: 0x29c3e256
2025-07-08 15:45:29,176 - INFO - Variable types: 0 continuous, 99 integer (90 binary)
2025-07-08 15:45:29,178 - INFO - Coefficient statistics:
2025-07-08 15:45:29,178 - INFO -   Matrix range     [1e+00, 1e+01]
2025-07-08 15:45:29,185 - INFO -   Objective range  [8e+01, 2e+03]
2025-07-08 15:45:29,187 - INFO -   Bounds range     [1e+00, 9e+00]
2025-07-08 15:45:29,212 - INFO -   RHS range        [1e+00, 9e+00]
2025-07-08 15:45:29,226 - INFO - Presolve time: 0.00s
2025-07-08 15:45:29,231 - INFO - Presolved: 92 rows, 99 columns, 396 nonzeros
2025-07-08 15:45:29,245 - INFO - Variable types: 0 continuous, 99 integer (90 binary)
2025-07-08 15:45:29,257 - INFO - Found heuristic solution: objective 15493.384329
2025-07-08 15:45:29,266 - INFO - Found heuristic solution: objective 10356.660170
2025-07-08 15:45:29,272 - INFO - 
2025-07-08 15:45:29,300 - INFO - Root relaxation: objective 2.697276e+03, 29 iterations, 0.00 seconds (0.00 work units)
2025-07-08 15:45:29,460 - INFO - 
2025-07-08 15:45:29,478 - INFO -     Nodes    |    Current Node    |     Objective Bounds      |     Work
2025-07-08 15:45:29,510 - INFO -  Expl Unexpl |  Obj  Depth IntInf | Incumbent    BestBd   Gap | It/Node Time
2025-07-08 15:45:29,554 - INFO - 
2025-07-08 15:45:29,568 - INFO -      0     0 2697.27606    0   14 10356.6602 2697.27606  74.0%     -    0s
2025-07-08 15:45:29,623 - INFO - H    0     0                    9817.1334098 2697.27606  72.5%     -    0s
2025-07-08 15:45:29,689 - INFO - H    0     0                    8019.5298790 2697.27606  66.4%     -    0s
2025-07-08 15:45:29,704 - INFO - H    0     0                    7172.7603563 2697.27606  62.4%     -    0s
2025-07-08 15:45:29,716 - INFO -      0     0 3483.99600    0   15 7172.76036 3483.99600  51.4%     -    0s
2025-07-08 15:45:29,729 - INFO -      0     0 3625.29107    0   22 7172.76036 3625.29107  49.5%     -    0s
2025-07-08 15:45:29,754 - INFO -      0     0 3639.34799    0   21 7172.76036 3639.34799  49.3%     -    0s
2025-07-08 15:45:29,806 - INFO -      0     0 3660.17140    0   22 7172.76036 3660.17140  49.0%     -    0s
2025-07-08 15:45:29,953 - INFO - H    0     0                    7145.5155222 3792.41340  46.9%     -    0s
2025-07-08 15:45:29,992 - INFO - H    0     0                    7051.5100630 3792.41340  46.2%     -    0s
2025-07-08 15:45:30,050 - INFO -      0     0 3908.88385    0   22 7051.51006 3908.88385  44.6%     -    0s
2025-07-08 15:45:30,102 - INFO -      0     0 3988.41472    0   22 7051.51006 3988.41472  43.4%     -    0s
2025-07-08 15:45:30,112 - INFO -      0     0 3988.41472    0   23 7051.51006 3988.41472  43.4%     -    0s
2025-07-08 15:45:30,114 - INFO -      0     0 3988.41472    0   23 7051.51006 3988.41472  43.4%     -    0s
2025-07-08 15:45:30,125 - INFO - H    0     0                    7034.5831575 3988.41472  43.3%     -    0s
2025-07-08 15:45:30,127 - INFO -      0     0 3988.41472    0   26 7034.58316 3988.41472  43.3%     -    0s
2025-07-08 15:45:30,130 - INFO -  747453 271358 9937.21281   50    8 10320.2914 9828.51165  4.77%  10.1  350s
2025-07-08 15:45:30,133 - INFO - H    0     0                    6997.4477176 3988.41472  43.0%     -    0s
2025-07-08 15:45:30,144 - INFO - H    0     0                    6698.2216854 3988.41472  40.5%     -    0s
2025-07-08 15:45:30,158 - INFO -      0     0 3988.41472    0   27 6698.22169 3988.41472  40.5%     -    0s
2025-07-08 15:45:30,214 - INFO -      0     0 4050.86101    0   26 6698.22169 4050.86101  39.5%     -    1s
2025-07-08 15:45:30,248 - INFO - H    0     0                    6555.0661130 4050.86101  38.2%     -    1s
2025-07-08 15:45:30,286 - INFO - H    0     0                    6350.6561441 4059.04789  36.1%     -    1s
2025-07-08 15:45:30,343 - INFO -      0     2 4059.04789    0   20 6350.65614 4059.04789  36.1%     -    1s
2025-07-08 15:45:30,644 - INFO - H   82    64                    6177.4967771 4059.04789  34.3%   5.1    1s
2025-07-08 15:45:31,422 - INFO - 
2025-07-08 15:45:31,423 - INFO - Cutting planes:
2025-07-08 15:45:31,423 - INFO -   Learned: 3
2025-07-08 15:45:31,424 - INFO -   Gomory: 5
2025-07-08 15:45:31,425 - INFO -   Implied bound: 14
2025-07-08 15:45:31,425 - INFO -   MIR: 26
2025-07-08 15:45:31,426 - INFO -   StrongCG: 1
2025-07-08 15:45:31,430 - INFO -   Inf proof: 2
2025-07-08 15:45:31,430 - INFO -   Zero half: 3
2025-07-08 15:45:31,431 - INFO -   Mod-K: 3
2025-07-08 15:45:31,432 - INFO -   RLT: 4
2025-07-08 15:45:31,433 - INFO -   Relax-and-lift: 11
2025-07-08 15:45:31,433 - INFO -   BQP: 1
2025-07-08 15:45:31,434 - INFO -   PSD: 7
2025-07-08 15:45:31,440 - INFO - 
2025-07-08 15:45:31,440 - INFO - Explored 1223 nodes (5798 simplex iterations) in 2.26 seconds (0.08 work units)
2025-07-08 15:45:31,442 - INFO - Thread count was 8 (of 8 available processors)
2025-07-08 15:45:31,443 - INFO - 
2025-07-08 15:45:31,443 - INFO - Solution count 10: 6177.5 6350.66 6555.07 ... 8019.53
2025-07-08 15:45:31,444 - INFO - 
2025-07-08 15:45:31,445 - INFO - Optimal solution found (tolerance 1.00e-04)
2025-07-08 15:45:31,446 - INFO - Best objective 6.177496777117e+03, best bound 6.177496777117e+03, gap 0.0000%
2025-07-08 15:45:33,622 - INFO - Read LP format model from file C:\Users\HP\AppData\Local\Temp\tmp0xle2bw7.pyomo.lp
2025-07-08 15:45:33,628 - INFO - Reading time = 0.19 seconds
2025-07-08 15:45:33,630 - INFO - x1: 382 rows, 399 columns, 1786 nonzeros
2025-07-08 15:45:33,639 - INFO - Set parameter TimeLimit to value 600
2025-07-08 15:45:33,646 - INFO - Set parameter MIPGap to value 0.0001
2025-07-08 15:45:33,647 - INFO - Gurobi Optimizer version 12.0.1 build v12.0.1rc0 (win64 - Windows 11.0 (22631.2))
2025-07-08 15:45:33,661 - INFO - 
2025-07-08 15:45:33,670 - INFO - CPU model: AMD Ryzen 5 3550H with Radeon Vega Mobile Gfx, instruction set [SSE2|AVX|AVX2]
2025-07-08 15:45:33,674 - INFO - Thread count: 4 physical cores, 8 logical processors, using up to 8 threads
2025-07-08 15:45:33,676 - INFO - 
2025-07-08 15:45:33,681 - INFO - Non-default parameters:
2025-07-08 15:45:33,683 - INFO - TimeLimit  600
2025-07-08 15:45:33,687 - INFO - 
2025-07-08 15:45:33,702 - INFO - Optimize a model with 382 rows, 399 columns and 1786 nonzeros
2025-07-08 15:45:33,706 - INFO - Model fingerprint: 0xd1bf8d7b
2025-07-08 15:45:33,711 - INFO - Variable types: 0 continuous, 399 integer (380 binary)
2025-07-08 15:45:33,718 - INFO - Coefficient statistics:
2025-07-08 15:45:33,724 - INFO -   Matrix range     [1e+00, 2e+01]
2025-07-08 15:45:33,726 - INFO -   Objective range  [5e+01, 2e+03]
2025-07-08 15:45:33,731 - INFO -   Bounds range     [1e+00, 2e+01]
2025-07-08 15:45:33,733 - INFO -   RHS range        [1e+00, 2e+01]
2025-07-08 15:45:33,765 - INFO - Presolve time: 0.02s
2025-07-08 15:45:33,772 - INFO - Presolved: 382 rows, 399 columns, 1786 nonzeros
2025-07-08 15:45:33,799 - INFO - Variable types: 0 continuous, 399 integer (380 binary)
2025-07-08 15:45:33,835 - INFO - Found heuristic solution: objective 19995.686950
2025-07-08 15:45:33,890 - INFO - 
2025-07-08 15:45:33,894 - INFO - Root relaxation: objective 5.647328e+03, 64 iterations, 0.02 seconds (0.00 work units)
2025-07-08 15:45:33,924 - INFO - 
2025-07-08 15:45:33,933 - INFO -     Nodes    |    Current Node    |     Objective Bounds      |     Work
2025-07-08 15:45:33,943 - INFO -  Expl Unexpl |  Obj  Depth IntInf | Incumbent    BestBd   Gap | It/Node Time
2025-07-08 15:45:33,948 - INFO - 
2025-07-08 15:45:33,948 - INFO -      0     0 5647.32842    0   33 19995.6870 5647.32842  71.8%     -    0s
2025-07-08 15:45:33,953 - INFO - H    0     0                    10731.387958 5647.32842  47.4%     -    0s
2025-07-08 15:45:33,976 - INFO -      0     0 6948.29364    0   32 10731.3880 6948.29364  35.3%     -    0s
2025-07-08 15:45:33,987 - INFO - H    0     0                    10699.312408 6966.69047  34.9%     -    0s
2025-07-08 15:45:33,989 - INFO -      0     0 6966.69047    0   35 10699.3124 6966.69047  34.9%     -    0s
2025-07-08 15:45:34,012 - INFO -      0     0 6975.64821    0   42 10699.3124 6975.64821  34.8%     -    0s
2025-07-08 15:45:34,018 - INFO - H    0     0                    9004.7571512 6975.64821  22.5%     -    0s
2025-07-08 15:45:34,030 - INFO -      0     0 6975.64821    0   41 9004.75715 6975.64821  22.5%     -    0s
2025-07-08 15:45:34,058 - INFO -      0     0 6975.64821    0   47 9004.75715 6975.64821  22.5%     -    0s
2025-07-08 15:45:34,072 - INFO - H    0     0                    8466.7752626 6975.64821  17.6%     -    0s
2025-07-08 15:45:34,098 - INFO -      0     0 6975.64821    0   41 8466.77526 6975.64821  17.6%     -    0s
2025-07-08 15:45:34,142 - INFO -      0     0 6975.64821    0   44 8466.77526 6975.64821  17.6%     -    0s
2025-07-08 15:45:34,173 - INFO -      0     0 6975.64821    0   47 8466.77526 6975.64821  17.6%     -    0s
2025-07-08 15:45:34,263 - INFO -      0     0 6975.64821    0   41 8466.77526 6975.64821  17.6%     -    0s
2025-07-08 15:45:34,338 - INFO -      0     0 6975.64821    0   41 8466.77526 6975.64821  17.6%     -    0s
2025-07-08 15:45:34,355 - INFO - H    0     0                    8196.6099296 6975.64821  14.9%     -    0s
2025-07-08 15:45:34,434 - INFO -      0     0 6975.64821    0   36 8196.60993 6975.64821  14.9%     -    0s
2025-07-08 15:45:34,495 - INFO -      0     0 6975.64821    0   37 8196.60993 6975.64821  14.9%     -    0s
2025-07-08 15:45:34,506 - INFO -      0     0 6975.64821    0   39 8196.60993 6975.64821  14.9%     -    0s
2025-07-08 15:45:34,531 - INFO -      0     0 6975.64821    0   47 8196.60993 6975.64821  14.9%     -    0s
2025-07-08 15:45:34,540 - INFO -      0     0 6975.64821    0   47 8196.60993 6975.64821  14.9%     -    0s
2025-07-08 15:45:34,562 - INFO -      0     0 6975.64821    0   47 8196.60993 6975.64821  14.9%     -    0s
2025-07-08 15:45:34,573 - INFO -      0     0 6975.64821    0   41 8196.60993 6975.64821  14.9%     -    0s
2025-07-08 15:45:34,629 - INFO -      0     2 6975.64821    0   39 8196.60993 6975.64821  14.9%     -    0s
2025-07-08 15:45:34,975 - INFO -  755996 273489 10312.0873   47   21 10320.2914 9830.03841  4.75%  10.1  355s
2025-07-08 15:45:35,163 - INFO - H  250   235                    8180.9574047 6984.60594  14.6%   5.9    1s
2025-07-08 15:45:35,224 - INFO - H  297   280                    8132.4634794 6988.08579  14.1%   5.6    1s
2025-07-08 15:45:36,265 - INFO - H 1452  1001                    7962.0790193 7062.75822  11.3%   6.1    2s
2025-07-08 15:45:38,875 - INFO -   1520  1083 7099.80721   18   43 7962.07902 7062.75822  11.3%   6.6    5s
2025-07-08 15:45:40,382 - INFO -  763446 274991     cutoff   50      10320.2914 9831.37882  4.74%  10.1  360s
2025-07-08 15:45:43,764 - INFO -   8912  3926     cutoff   34      7962.07902 7255.55902  8.87%   6.5   10s
2025-07-08 15:45:45,337 - INFO -  770281 276650     cutoff   61      10320.2914 9832.58837  4.73%  10.2  365s
2025-07-08 15:45:49,175 - INFO -  19174  7381 7852.15394   33   22 7962.07902 7353.86941  7.64%   7.1   15s
2025-07-08 15:45:50,212 - INFO -  771209 276774     cutoff   48      10320.2914 9832.76515  4.72%  10.2  370s
2025-07-08 15:45:54,922 - INFO -  777308 278205 10057.7605   57   44 10320.2914 9833.90115  4.71%  10.2  375s
2025-07-08 15:45:59,450 - INFO -  30156  8931 7461.51285   29   41 7962.07902 7439.50311  6.56%   7.3   25s
2025-07-08 15:46:00,352 - INFO -  787065 280373 9880.50599   49   31 10320.2914 9835.60206  4.70%  10.2  380s
2025-07-08 15:46:03,733 - INFO -  30461  9040 7677.79784   41    8 7962.07902 7439.50311  6.56%   7.3   30s
2025-07-08 15:46:05,337 - INFO -  794882 282166 10137.9908   48   23 10320.2914 9836.95348  4.68%  10.2  385s
2025-07-08 15:46:08,868 - INFO -  36608  9645 7439.50311   32   33 7962.07902 7439.50311  6.56%   7.4   35s
2025-07-08 15:46:10,055 - INFO -  798787 283104 10110.5608   46    6 10320.2914 9837.67687  4.68%  10.2  390s
2025-07-08 15:46:14,211 - INFO -  48333  9535     cutoff   39      7962.07902 7439.50311  6.56%   7.3   40s
2025-07-08 15:46:14,926 - INFO -  804687 284499 10289.0284   55   26 10320.2914 9838.74298  4.67%  10.2  395s
2025-07-08 15:46:19,354 - INFO -  60206  8489 7747.85808   38   26 7962.07902 7500.46777  5.80%   7.3   45s
2025-07-08 15:46:20,570 - INFO -  811485 285853 10086.3171   52   40 10320.2914 9839.95811  4.65%  10.2  400s
2025-07-08 15:46:23,943 - INFO -  69537  9177 infeasible   39      7962.07902 7552.92100  5.14%   7.4   50s
2025-07-08 15:46:24,880 - INFO -  816618 286901 10186.1403   55   33 10320.2914 9840.83496  4.65%  10.2  405s
2025-07-08 15:46:28,853 - INFO -  76539  8551     cutoff   35      7962.07902 7594.95807  4.61%   7.6   55s
2025-07-08 15:46:30,514 - INFO -  823289 288530     cutoff   58      10320.2914 9842.05316  4.63%  10.2  410s
2025-07-08 15:46:33,851 - INFO -  85272  7229 infeasible   43      7962.07902 7648.40114  3.94%   7.8   60s
2025-07-08 15:46:35,540 - INFO -  829385 289847     cutoff   62      10320.2914 9842.99146  4.62%  10.2  415s
2025-07-08 15:46:39,015 - INFO -  93477  4735 7765.26328   36   27 7962.07902 7711.85331  3.14%   8.0   65s
2025-07-08 15:46:39,827 - INFO -  834357 290961 10243.3556   54   12 10320.2914 9843.80100  4.62%  10.2  420s
2025-07-08 15:46:43,755 - INFO -  99973  1249 infeasible   34      7962.07902 7809.27877  1.92%   8.1   70s
2025-07-08 15:46:44,561 - INFO - 
2025-07-08 15:46:44,562 - INFO - Cutting planes:
2025-07-08 15:46:44,563 - INFO -   Learned: 8
2025-07-08 15:46:44,563 - INFO -   Gomory: 25
2025-07-08 15:46:44,564 - INFO -   Cover: 54
2025-07-08 15:46:44,565 - INFO -   Implied bound: 26
2025-07-08 15:46:44,565 - INFO -   Projected implied bound: 8
2025-07-08 15:46:44,566 - INFO -   Clique: 1
2025-07-08 15:46:44,566 - INFO -   MIR: 36
2025-07-08 15:46:44,566 - INFO -   Mixing: 18
2025-07-08 15:46:44,567 - INFO -   StrongCG: 4
2025-07-08 15:46:44,568 - INFO -   Flow cover: 158
2025-07-08 15:46:44,569 - INFO -   Inf proof: 15
2025-07-08 15:46:44,569 - INFO -   Zero half: 7
2025-07-08 15:46:44,570 - INFO -   RLT: 7
2025-07-08 15:46:44,570 - INFO -   Relax-and-lift: 10
2025-07-08 15:46:44,572 - INFO - 
2025-07-08 15:46:44,572 - INFO - Explored 102284 nodes (825247 simplex iterations) in 70.87 seconds (15.02 work units)
2025-07-08 15:46:44,573 - INFO - Thread count was 8 (of 8 available processors)
2025-07-08 15:46:44,574 - INFO - 
2025-07-08 15:46:44,575 - INFO - Solution count 9: 7962.08 8132.46 8180.96 ... 19995.7
2025-07-08 15:46:44,576 - INFO - 
2025-07-08 15:46:44,577 - INFO - Optimal solution found (tolerance 1.00e-04)
2025-07-08 15:46:44,577 - INFO - Best objective 7.962079019334e+03, best bound 7.962079019334e+03, gap 0.0000%
2025-07-08 15:46:44,975 - INFO -  841207 292414     cutoff   54      10320.2914 9844.86533  4.61%  10.2  425s
2025-07-08 15:46:46,525 - INFO - Read LP format model from file C:\Users\HP\AppData\Local\Temp\tmp_2oncmn7.pyomo.lp
2025-07-08 15:46:46,530 - INFO - Reading time = 0.09 seconds
2025-07-08 15:46:46,536 - INFO - x1: 872 rows, 899 columns, 4176 nonzeros
2025-07-08 15:46:46,539 - INFO - Set parameter TimeLimit to value 600
2025-07-08 15:46:46,540 - INFO - Set parameter MIPGap to value 0.0001
2025-07-08 15:46:46,542 - INFO - Gurobi Optimizer version 12.0.1 build v12.0.1rc0 (win64 - Windows 11.0 (22631.2))
2025-07-08 15:46:46,548 - INFO - 
2025-07-08 15:46:46,550 - INFO - CPU model: AMD Ryzen 5 3550H with Radeon Vega Mobile Gfx, instruction set [SSE2|AVX|AVX2]
2025-07-08 15:46:46,553 - INFO - Thread count: 4 physical cores, 8 logical processors, using up to 8 threads
2025-07-08 15:46:46,561 - INFO - 
2025-07-08 15:46:46,565 - INFO - Non-default parameters:
2025-07-08 15:46:46,571 - INFO - TimeLimit  600
2025-07-08 15:46:46,577 - INFO - 
2025-07-08 15:46:46,580 - INFO - Optimize a model with 872 rows, 899 columns and 4176 nonzeros
2025-07-08 15:46:46,585 - INFO - Model fingerprint: 0xc5ae0e3c
2025-07-08 15:46:46,586 - INFO - Variable types: 0 continuous, 899 integer (870 binary)
2025-07-08 15:46:46,592 - INFO - Coefficient statistics:
2025-07-08 15:46:46,593 - INFO -   Matrix range     [1e+00, 3e+01]
2025-07-08 15:46:46,595 - INFO -   Objective range  [2e+01, 3e+03]
2025-07-08 15:46:46,596 - INFO -   Bounds range     [1e+00, 3e+01]
2025-07-08 15:46:46,599 - INFO -   RHS range        [1e+00, 3e+01]
2025-07-08 15:46:46,645 - INFO - Presolve time: 0.04s
2025-07-08 15:46:46,649 - INFO - Presolved: 872 rows, 899 columns, 4176 nonzeros
2025-07-08 15:46:46,675 - INFO - Variable types: 0 continuous, 899 integer (870 binary)
2025-07-08 15:46:46,725 - INFO - Found heuristic solution: objective 38664.329381
2025-07-08 15:46:46,734 - INFO - Found heuristic solution: objective 34573.439822
2025-07-08 15:46:46,743 - INFO - 
2025-07-08 15:46:46,747 - INFO - Root relaxation: objective 6.925470e+03, 92 iterations, 0.01 seconds (0.00 work units)
2025-07-08 15:46:46,800 - INFO - 
2025-07-08 15:46:46,800 - INFO -     Nodes    |    Current Node    |     Objective Bounds      |     Work
2025-07-08 15:46:46,802 - INFO -  Expl Unexpl |  Obj  Depth IntInf | Incumbent    BestBd   Gap | It/Node Time
2025-07-08 15:46:46,802 - INFO - 
2025-07-08 15:46:46,804 - INFO -      0     0 6925.47016    0   55 34573.4398 6925.47016  80.0%     -    0s
2025-07-08 15:46:46,821 - INFO - H    0     0                    12711.130184 6925.47016  45.5%     -    0s
2025-07-08 15:46:46,831 - INFO - H    0     0                    12559.333765 6925.47016  44.9%     -    0s
2025-07-08 15:46:47,189 - INFO - H    0     0                    12510.839840 6925.47016  44.6%     -    0s
2025-07-08 15:46:47,381 - INFO - H    0     0                    12362.655158 6925.47016  44.0%     -    0s
2025-07-08 15:46:47,408 - INFO - H    0     0                    11894.339739 6925.47016  41.8%     -    0s
2025-07-08 15:46:47,413 - INFO - H    0     0                    11746.155056 6925.47016  41.0%     -    0s
2025-07-08 15:46:47,433 - INFO -      0     0 8507.98200    0   70 11746.1551 8507.98200  27.6%     -    0s
2025-07-08 15:46:47,449 - INFO - H    0     0                    11688.437293 8507.98200  27.2%     -    0s
2025-07-08 15:46:47,454 - INFO -      0     0 8507.98200    0   70 11688.4373 8507.98200  27.2%     -    0s
2025-07-08 15:46:47,524 - INFO - H    0     0                    11438.855634 8507.98200  25.6%     -    0s
2025-07-08 15:46:47,613 - INFO -      0     0 8507.98200    0   78 11438.8556 8507.98200  25.6%     -    1s
2025-07-08 15:46:47,655 - INFO -      0     0 8507.98200    0   77 11438.8556 8507.98200  25.6%     -    1s
2025-07-08 15:46:47,820 - INFO -      0     0 8515.59267    0   79 11438.8556 8515.59267  25.6%     -    1s
2025-07-08 15:46:47,888 - INFO -      0     0 8518.05475    0   89 11438.8556 8518.05475  25.5%     -    1s
2025-07-08 15:46:47,903 - INFO -      0     0 8518.05475    0   89 11438.8556 8518.05475  25.5%     -    1s
2025-07-08 15:46:48,026 - INFO -      0     0 8810.32170    0   63 11438.8556 8810.32170  23.0%     -    1s
2025-07-08 15:46:48,034 - INFO -      0     0 8814.19949    0   72 11438.8556 8814.19949  22.9%     -    1s
2025-07-08 15:46:48,037 - INFO -      0     0 8814.19949    0   78 11438.8556 8814.19949  22.9%     -    1s
2025-07-08 15:46:48,070 - INFO - H    0     0                    11043.321210 8814.19949  20.2%     -    1s
2025-07-08 15:46:48,074 - INFO -      0     0 8814.19949    0   77 11043.3212 8814.19949  20.2%     -    1s
2025-07-08 15:46:48,086 - INFO -      0     0 8842.62950    0   78 11043.3212 8842.62950  19.9%     -    1s
2025-07-08 15:46:48,131 - INFO -      0     0 8842.62950    0   79 11043.3212 8842.62950  19.9%     -    1s
2025-07-08 15:46:48,257 - INFO - H    0     0                    10850.645513 8842.62950  18.5%     -    1s
2025-07-08 15:46:48,638 - INFO - H    0     0                    10793.739550 8842.62950  18.1%     -    2s
2025-07-08 15:46:48,833 - INFO - H    0     0                    10772.465111 8842.62950  17.9%     -    2s
2025-07-08 15:46:48,942 - INFO - H    0     0                    10524.049339 8842.62950  16.0%     -    2s
2025-07-08 15:46:48,965 - INFO -      0     0 9061.51275    0   80 10524.0493 9061.51275  13.9%     -    2s
2025-07-08 15:46:49,023 - INFO - H    0     0                    10440.578521 9061.51275  13.2%     -    2s
2025-07-08 15:46:49,120 - INFO -      0     0 9061.51275    0   80 10440.5785 9061.51275  13.2%     -    2s
2025-07-08 15:46:49,215 - INFO -      0     0 9061.51275    0   81 10440.5785 9061.51275  13.2%     -    2s
2025-07-08 15:46:49,439 - INFO -      0     0 9095.70314    0   64 10440.5785 9095.70314  12.9%     -    2s
2025-07-08 15:46:49,522 - INFO -      0     0 9116.57084    0   63 10440.5785 9116.57084  12.7%     -    2s
2025-07-08 15:46:49,654 - INFO -      0     0 9116.57084    0   66 10440.5785 9116.57084  12.7%     -    3s
2025-07-08 15:46:49,764 - INFO -      0     0 9123.55149    0   65 10440.5785 9123.55149  12.6%     -    3s
2025-07-08 15:46:49,836 - INFO -      0     0 9123.55149    0   60 10440.5785 9123.55149  12.6%     -    3s
2025-07-08 15:46:49,916 - INFO -      0     0 9123.55149    0   60 10440.5785 9123.55149  12.6%     -    3s
2025-07-08 15:46:50,076 - INFO -      0     0 9128.40331    0   54 10440.5785 9128.40331  12.6%     -    3s
2025-07-08 15:46:50,187 - INFO -      0     0 9128.40331    0   70 10440.5785 9128.40331  12.6%     -    3s
2025-07-08 15:46:50,209 - INFO -      0     0 9128.40331    0   61 10440.5785 9128.40331  12.6%     -    3s
2025-07-08 15:46:50,214 - INFO -      0     0 9128.40331    0   61 10440.5785 9128.40331  12.6%     -    3s
2025-07-08 15:46:50,217 - INFO -  848686 294212 10113.1447   54   37 10320.2914 9846.13674  4.59%  10.2  430s
2025-07-08 15:46:50,305 - INFO -      0     0 9131.77093    0   52 10440.5785 9131.77093  12.5%     -    3s
2025-07-08 15:46:50,512 - INFO -      0     0 9132.13773    0   47 10440.5785 9132.13773  12.5%     -    3s
2025-07-08 15:46:50,723 - INFO -      0     0 9133.79245    0   46 10440.5785 9133.79245  12.5%     -    4s
2025-07-08 15:46:50,805 - INFO -      0     0 9133.79245    0   46 10440.5785 9133.79245  12.5%     -    4s
2025-07-08 15:46:50,827 - INFO -      0     0 9133.79245    0   43 10440.5785 9133.79245  12.5%     -    4s
2025-07-08 15:46:50,954 - INFO -      0     2 9142.24190    0   41 10440.5785 9142.24190  12.4%     -    4s
2025-07-08 15:46:51,359 - INFO - H   32    36                    10384.172893 9174.80205  11.6%  20.6    4s
2025-07-08 15:46:51,740 - INFO -     83   100 9541.59837   18   15 10384.1729 9174.80205  11.6%  16.7    5s
2025-07-08 15:46:55,299 - INFO - H 1259  1016                    10376.697858 9289.19731  10.5%   8.5    8s
2025-07-08 15:46:55,324 - INFO - H 1259   965                    10320.292229 9289.19731  10.0%   8.5    8s
2025-07-08 15:46:55,332 - INFO -  855529 295365 10311.3733   46   29 10320.2914 9847.16710  4.58%  10.2  435s
2025-07-08 15:46:56,730 - INFO -   1269   972 9338.17420    5   77 10320.2922 9297.34132  9.91%   8.4   10s
2025-07-08 15:47:00,406 - INFO -  863040 296833 9865.79696   49   60 10320.2914 9848.41477  4.57%  10.2  440s
2025-07-08 15:47:01,754 - INFO -   2622  1509 10088.0165  125   22 10320.2922 9329.68262  9.60%  11.1   15s
2025-07-08 15:47:04,886 - INFO -  869729 298306 10010.6930   56   27 10320.2914 9849.40517  4.56%  10.2  445s
2025-07-08 15:47:06,745 - INFO -   8028  4751 9548.36063   24   59 10320.2922 9386.91579  9.04%   9.7   20s
2025-07-08 15:47:10,215 - INFO -  875582 299553     cutoff   49      10320.2914 9850.33447  4.55%  10.2  450s
2025-07-08 15:47:12,506 - INFO -  14666 10818 9597.16533   56   27 10320.2922 9427.70532  8.65%   9.2   25s
2025-07-08 15:47:14,891 - INFO -  881263 300777 10287.6472   47   17 10320.2914 9851.29855  4.54%  10.2  455s
2025-07-08 15:47:16,905 - INFO -  24554 16455 9796.89746   35   22 10320.2922 9464.58123  8.29%   8.9   30s
2025-07-08 15:47:20,162 - INFO -  887968 302163 9876.83533   45    9 10320.2914 9852.41080  4.53%  10.2  460s
2025-07-08 15:47:25,057 - INFO -  896514 303981 10094.1633   45   47 10320.2914 9853.81565  4.52%  10.2  465s
2025-07-08 15:47:26,162 - INFO -  30019 19374 10013.2424   60   60 10320.2922 9477.13227  8.17%   8.7   39s
2025-07-08 15:47:26,593 - INFO -  30025 19378 9823.29810   39   71 10320.2922 9477.13227  8.17%   8.7   40s
2025-07-08 15:47:30,074 - INFO -  905061 305648 10192.5706   57   15 10320.2914 9855.07051  4.51%  10.2  470s
2025-07-08 15:47:32,361 - INFO -  30038 19387 9797.92240   53   59 10320.2922 9477.13227  8.17%   8.7   45s
2025-07-08 15:47:35,048 - INFO -  912536 307062 9923.69888   48   22 10320.2914 9856.20295  4.50%  10.2  475s
2025-07-08 15:47:36,729 - INFO -  31366 19826 10026.9628   81   34 10320.2922 9477.13227  8.17%   8.9   50s
2025-07-08 15:47:40,229 - INFO -  919311 308536 9933.00806   50   14 10320.2914 9857.13885  4.49%  10.2  480s
2025-07-08 15:47:41,879 - INFO -  35061 21097 9737.59172   50   24 10320.2922 9477.13227  8.17%   9.1   55s
2025-07-08 15:47:45,097 - INFO -  923040 309194     cutoff   54      10320.2914 9857.77611  4.48%  10.2  485s
2025-07-08 15:47:47,057 - INFO -  42914 24179 9478.39194   43   31 10320.2922 9477.13227  8.17%   9.1   60s
2025-07-08 15:47:49,893 - INFO -  926963 309989 10091.3492   60   15 10320.2914 9858.37044  4.48%  10.2  490s
2025-07-08 15:47:52,045 - INFO -  50303 26664 10079.9134   61   33 10320.2922 9493.33572  8.01%   9.0   65s
2025-07-08 15:47:55,032 - INFO -  932253 311066 9955.08933   52   31 10320.2914 9859.17702  4.47%  10.2  495s
2025-07-08 15:47:56,971 - INFO -  56770 28361 9704.90172   36   18 10320.2922 9510.88587  7.84%   9.1   70s
2025-07-08 15:47:59,950 - INFO -  936726 311940 10213.8854   49   25 10320.2914 9859.81518  4.46%  10.2  500s
2025-07-08 15:48:02,042 - INFO -  63287 30520 9780.90847   40   66 10320.2922 9526.38038  7.69%   9.1   75s
2025-07-08 15:48:05,453 - INFO -  942570 313016 10168.8270   52   39 10320.2914 9860.73475  4.45%  10.2  505s
2025-07-08 15:48:06,583 - INFO -  69771 32671 9701.37849   45   58 10320.2922 9538.89655  7.57%   9.2   80s
2025-07-08 15:48:10,369 - INFO -  947735 314131     cutoff   53      10320.2914 9861.48944  4.45%  10.2  510s
2025-07-08 15:48:11,746 - INFO -  77311 34303 9953.31878   64    8 10320.2922 9552.00390  7.44%   9.1   85s
2025-07-08 15:48:15,559 - INFO -  952814 315111     cutoff   54      10320.2914 9862.29492  4.44%  10.2  515s
2025-07-08 15:48:17,334 - INFO -  84659 36135 9721.09945   48   33 10320.2922 9561.75852  7.35%   9.1   90s
2025-07-08 15:48:20,013 - INFO -  957073 315954     cutoff   52      10320.2914 9862.90401  4.43%  10.2  520s
2025-07-08 15:48:22,071 - INFO -  88961 38004 9736.04500   43   37 10320.2922 9566.97626  7.30%   9.2   95s
2025-07-08 15:48:25,192 - INFO -  962208 316932 9959.78206   42   26 10320.2914 9863.63495  4.42%  10.2  525s
2025-07-08 15:48:27,039 - INFO -  95005 40991 9747.20823   63   39 10320.2922 9574.24500  7.23%   9.2  100s
2025-07-08 15:48:29,889 - INFO -  966342 317736 10246.3380   52   14 10320.2914 9864.24560  4.42%  10.2  530s
2025-07-08 15:48:32,049 - INFO -  102744 45507 9621.92642   44   21 10320.2922 9582.70298  7.15%   9.2  105s
2025-07-08 15:48:35,035 - INFO -  971439 318804     cutoff   53      10320.2914 9865.01408  4.41%  10.2  535s
2025-07-08 15:48:37,035 - INFO -  108809 48757 9880.03931   39   42 10320.2922 9588.10746  7.09%   9.2  110s
2025-07-08 15:48:40,366 - INFO -  976618 319690 10196.6737   49   35 10320.2914 9865.76031  4.40%  10.2  540s
2025-07-08 15:48:41,823 - INFO -  114329 51694 9744.97648   41   34 10320.2922 9594.39360  7.03%   9.2  115s
2025-07-08 15:48:45,637 - INFO -  980868 320468 infeasible   53      10320.2914 9866.40184  4.40%  10.2  545s
2025-07-08 15:48:46,836 - INFO -  120467 54865 infeasible   86      10320.2922 9600.58747  6.97%   9.2  120s
2025-07-08 15:48:49,884 - INFO -  984294 321181 10105.1134   60   29 10320.2914 9866.89466  4.39%  10.3  550s
2025-07-08 15:48:51,696 - INFO -  125283 57386 9811.29236   52   32 10320.2922 9604.86770  6.93%   9.3  125s
2025-07-08 15:48:55,287 - INFO -  988385 321922 infeasible   59      10320.2914 9867.50385  4.39%  10.3  555s
2025-07-08 15:48:56,801 - INFO -  131413 61040 9813.32754   44    8 10320.2922 9611.08164  6.87%   9.2  130s
2025-07-08 15:49:00,533 - INFO -  993395 322756     cutoff   40      10320.2914 9868.29875  4.38%  10.3  560s
2025-07-08 15:49:01,608 - INFO -  137045 63690 9802.65815   43   35 10320.2922 9615.38429  6.83%   9.2  135s
2025-07-08 15:49:05,637 - INFO -  998233 323569 9886.53754   50   43 10320.2914 9868.92429  4.37%  10.3  565s
2025-07-08 15:49:06,993 - INFO -  144555 67762 9910.07352   45   35 10320.2922 9621.22444  6.77%   9.3  140s
2025-07-08 15:49:10,290 - INFO -  1002498 324433 10092.4161   55   25 10320.2914 9869.45701  4.37%  10.3  570s
2025-07-08 15:49:11,963 - INFO -  150366 70574 infeasible   55      10320.2922 9625.49634  6.73%   9.3  145s
2025-07-08 15:49:15,249 - INFO -  1006727 325130 9964.27617   50   13 10320.2914 9870.10463  4.36%  10.3  575s
2025-07-08 15:49:17,234 - INFO -  156794 73807 10102.5028   53   34 10320.2922 9630.92585  6.68%   9.3  150s
2025-07-08 15:49:21,455 - INFO -  1011063 325930 infeasible   59      10320.2914 9870.70190  4.36%  10.3  581s
2025-07-08 15:49:21,726 - INFO -  161630 76167 9678.68722   44   54 10320.2922 9634.34538  6.65%   9.3  155s
2025-07-08 15:49:25,878 - INFO -  1014360 326624 10158.6062   53   34 10320.2914 9871.24573  4.35%  10.3  586s
2025-07-08 15:49:27,002 - INFO -  165788 78211     cutoff   49      10320.2922 9637.11614  6.62%   9.3  160s
2025-07-08 15:49:30,175 - INFO -  1018632 327346 10099.1502   54   15 10320.2914 9871.87494  4.34%  10.3  590s
