2025-07-08 15:49:54,580 - INFO - Working directory: E:\hands_on_opt\Tsp_Tirupathi_2
2025-07-08 15:49:54,604 - INFO - Gurobi solving n=10 (limit=600s)...
2025-07-08 15:49:54,757 - INFO - Set parameter Username
2025-07-08 15:49:54,764 - INFO - Set parameter LicenseID to value 2609931
2025-07-08 15:49:54,775 - INFO - Academic license - for non-commercial use only - expires 2026-01-14
2025-07-08 15:49:54,874 - INFO - Read LP format model from file C:\Users\HP\AppData\Local\Temp\tmpsojgf695.pyomo.lp
2025-07-08 15:49:54,875 - INFO - Reading time = 0.06 seconds
2025-07-08 15:49:54,876 - INFO - x1: 92 rows, 99 columns, 396 nonzeros
2025-07-08 15:49:54,876 - INFO - Set parameter TimeLimit to value 600
2025-07-08 15:49:54,878 - INFO - Set parameter MIPGap to value 0.0001
2025-07-08 15:49:54,878 - INFO - Gurobi Optimizer version 12.0.1 build v12.0.1rc0 (win64 - Windows 11.0 (22631.2))
2025-07-08 15:49:54,878 - INFO - 
2025-07-08 15:49:54,879 - INFO - CPU model: AMD Ryzen 5 3550H with Radeon Vega Mobile Gfx, instruction set [SSE2|AVX|AVX2]
2025-07-08 15:49:54,879 - INFO - Thread count: 4 physical cores, 8 logical processors, using up to 8 threads
2025-07-08 15:49:54,879 - INFO - 
2025-07-08 15:49:54,880 - INFO - Non-default parameters:
2025-07-08 15:49:54,880 - INFO - TimeLimit  600
2025-07-08 15:49:54,881 - INFO - 
2025-07-08 15:49:54,882 - INFO - Optimize a model with 92 rows, 99 columns and 396 nonzeros
2025-07-08 15:49:54,882 - INFO - Model fingerprint: 0x325f8249
2025-07-08 15:49:54,883 - INFO - Variable types: 9 continuous, 90 integer (90 binary)
2025-07-08 15:49:54,883 - INFO - Coefficient statistics:
2025-07-08 15:49:54,884 - INFO -   Matrix range     [1e+00, 1e+01]
2025-07-08 15:49:54,884 - INFO -   Objective range  [8e+01, 2e+03]
2025-07-08 15:49:54,885 - INFO -   Bounds range     [1e+00, 9e+00]
2025-07-08 15:49:54,885 - INFO -   RHS range        [1e+00, 9e+00]
2025-07-08 15:49:54,891 - INFO - Presolve time: 0.00s
2025-07-08 15:49:54,892 - INFO - Presolved: 92 rows, 99 columns, 795 nonzeros
2025-07-08 15:49:54,894 - INFO - Variable types: 9 continuous, 90 integer (90 binary)
2025-07-08 15:49:54,896 - INFO - Found heuristic solution: objective 9364.8801635
2025-07-08 15:49:54,898 - INFO - 
2025-07-08 15:49:54,899 - INFO - Root relaxation: objective 2.702046e+03, 27 iterations, 0.00 seconds (0.00 work units)
2025-07-08 15:49:54,905 - INFO - 
2025-07-08 15:49:54,906 - INFO -     Nodes    |    Current Node    |     Objective Bounds      |     Work
2025-07-08 15:49:54,906 - INFO -  Expl Unexpl |  Obj  Depth IntInf | Incumbent    BestBd   Gap | It/Node Time
2025-07-08 15:49:54,907 - INFO - 
2025-07-08 15:49:54,907 - INFO -      0     0 2702.04612    0   14 9364.88016 2702.04612  71.1%     -    0s
2025-07-08 15:49:54,912 - INFO - H    0     0                    7606.8177707 2702.04612  64.5%     -    0s
2025-07-08 15:49:54,924 - INFO - H    0     0                    7584.5875311 3516.18005  53.6%     -    0s
2025-07-08 15:49:54,925 - INFO -      0     0 3516.18005    0   14 7584.58753 3516.18005  53.6%     -    0s
2025-07-08 15:49:54,932 - INFO - H    0     0                    7073.6407268 3516.18005  50.3%     -    0s
2025-07-08 15:49:54,934 - INFO -      0     0 3608.87425    0   14 7073.64073 3608.87425  49.0%     -    0s
2025-07-08 15:49:54,945 - INFO -      0     0 3702.76015    0   16 7073.64073 3702.76015  47.7%     -    0s
2025-07-08 15:49:54,947 - INFO - H    0     0                    6908.0000264 3702.76015  46.4%     -    0s
2025-07-08 15:49:54,950 - INFO - H    0     0                    6832.2550975 3702.76015  45.8%     -    0s
2025-07-08 15:49:54,956 - INFO - H    0     0                    6450.2935184 3751.42521  41.8%     -    0s
2025-07-08 15:49:54,957 - INFO -      0     0 3751.42521    0   18 6450.29352 3751.42521  41.8%     -    0s
2025-07-08 15:49:54,960 - INFO -      0     0 3756.61376    0   18 6450.29352 3756.61376  41.8%     -    0s
2025-07-08 15:49:54,981 - INFO -      0     0 3967.99023    0   11 6450.29352 3967.99023  38.5%     -    0s
2025-07-08 15:49:54,986 - INFO -      0     0 3967.99023    0   11 6450.29352 3967.99023  38.5%     -    0s
2025-07-08 15:49:54,996 - INFO -      0     0 3985.32010    0   10 6450.29352 3985.32010  38.2%     -    0s
2025-07-08 15:49:55,005 - INFO - H    0     0                    6399.0782567 3985.32010  37.7%     -    0s
2025-07-08 15:49:55,006 - INFO -      0     0 3985.32010    0   10 6399.07826 3985.32010  37.7%     -    0s
2025-07-08 15:49:55,014 - INFO -      0     0 4026.70019    0   14 6399.07826 4026.70019  37.1%     -    0s
2025-07-08 15:49:55,021 - INFO -      0     0 4026.70019    0   14 6399.07826 4026.70019  37.1%     -    0s
2025-07-08 15:49:55,040 - INFO -      0     2 4042.53124    0   14 6399.07826 4042.53124  36.8%     -    0s
2025-07-08 15:49:55,088 - INFO - H  101    72                    6350.6561441 4126.91597  35.0%   5.0    0s
2025-07-08 15:49:55,115 - INFO - *  168   113              12    6324.5245693 4192.82469  33.7%   4.9    0s
2025-07-08 15:49:55,274 - INFO - *  668   164              11    6177.4967771 4518.15096  26.9%   4.6    0s
2025-07-08 15:49:55,330 - INFO - 
2025-07-08 15:49:55,331 - INFO - Cutting planes:
2025-07-08 15:49:55,332 - INFO -   Learned: 3
2025-07-08 15:49:55,332 - INFO -   Gomory: 2
2025-07-08 15:49:55,333 - INFO -   Implied bound: 15
2025-07-08 15:49:55,333 - INFO -   Clique: 2
2025-07-08 15:49:55,334 - INFO -   MIR: 19
2025-07-08 15:49:55,335 - INFO -   Inf proof: 1
2025-07-08 15:49:55,335 - INFO -   RLT: 2
2025-07-08 15:49:55,336 - INFO -   Relax-and-lift: 5
2025-07-08 15:49:55,336 - INFO - 
2025-07-08 15:49:55,336 - INFO - Explored 1285 nodes (5470 simplex iterations) in 0.45 seconds (0.10 work units)
2025-07-08 15:49:55,337 - INFO - Thread count was 8 (of 8 available processors)
2025-07-08 15:49:55,338 - INFO - 
2025-07-08 15:49:55,338 - INFO - Solution count 10: 6177.5 6324.52 6350.66 ... 7606.82
2025-07-08 15:49:55,339 - INFO - 
2025-07-08 15:49:55,339 - INFO - Optimal solution found (tolerance 1.00e-04)
2025-07-08 15:49:55,340 - INFO - Best objective 6.177496777117e+03, best bound 6.177496777117e+03, gap 0.0000%
2025-07-08 15:49:56,406 - INFO - Plot saved e:\hands_on_opt\Tsp_Tirupathi_2\output_files\plots\tour_gurobi_10.png
2025-07-08 15:49:56,449 - INFO - Gurobi solving n=20 (limit=600s)...
2025-07-08 15:49:56,537 - INFO - Read LP format model from file C:\Users\HP\AppData\Local\Temp\tmp75yblkyv.pyomo.lp
2025-07-08 15:49:56,537 - INFO - Reading time = 0.03 seconds
2025-07-08 15:49:56,538 - INFO - x1: 382 rows, 399 columns, 1786 nonzeros
2025-07-08 15:49:56,538 - INFO - Set parameter TimeLimit to value 600
2025-07-08 15:49:56,539 - INFO - Set parameter MIPGap to value 0.0001
2025-07-08 15:49:56,539 - INFO - Gurobi Optimizer version 12.0.1 build v12.0.1rc0 (win64 - Windows 11.0 (22631.2))
2025-07-08 15:49:56,540 - INFO - 
2025-07-08 15:49:56,540 - INFO - CPU model: AMD Ryzen 5 3550H with Radeon Vega Mobile Gfx, instruction set [SSE2|AVX|AVX2]
2025-07-08 15:49:56,540 - INFO - Thread count: 4 physical cores, 8 logical processors, using up to 8 threads
2025-07-08 15:49:56,541 - INFO - 
2025-07-08 15:49:56,541 - INFO - Non-default parameters:
2025-07-08 15:49:56,541 - INFO - TimeLimit  600
2025-07-08 15:49:56,542 - INFO - 
2025-07-08 15:49:56,542 - INFO - Optimize a model with 382 rows, 399 columns and 1786 nonzeros
2025-07-08 15:49:56,543 - INFO - Model fingerprint: 0x465fa032
2025-07-08 15:49:56,543 - INFO - Variable types: 19 continuous, 380 integer (380 binary)
2025-07-08 15:49:56,544 - INFO - Coefficient statistics:
2025-07-08 15:49:56,544 - INFO -   Matrix range     [1e+00, 2e+01]
2025-07-08 15:49:56,545 - INFO -   Objective range  [5e+01, 2e+03]
2025-07-08 15:49:56,545 - INFO -   Bounds range     [1e+00, 2e+01]
2025-07-08 15:49:56,546 - INFO -   RHS range        [1e+00, 2e+01]
2025-07-08 15:49:56,553 - INFO - Presolve time: 0.01s
2025-07-08 15:49:56,554 - INFO - Presolved: 382 rows, 399 columns, 1786 nonzeros
2025-07-08 15:49:56,558 - INFO - Variable types: 19 continuous, 380 integer (380 binary)
2025-07-08 15:49:56,562 - INFO - Found heuristic solution: objective 21692.597093
2025-07-08 15:49:56,586 - INFO - Found heuristic solution: objective 21673.113931
2025-07-08 15:49:56,588 - INFO - 
2025-07-08 15:49:56,589 - INFO - Root relaxation: objective 5.647328e+03, 64 iterations, 0.00 seconds (0.00 work units)
2025-07-08 15:49:56,595 - INFO - 
2025-07-08 15:49:56,596 - INFO -     Nodes    |    Current Node    |     Objective Bounds      |     Work
2025-07-08 15:49:56,596 - INFO -  Expl Unexpl |  Obj  Depth IntInf | Incumbent    BestBd   Gap | It/Node Time
2025-07-08 15:49:56,597 - INFO - 
2025-07-08 15:49:56,598 - INFO -      0     0 5647.32842    0   28 21673.1139 5647.32842  73.9%     -    0s
2025-07-08 15:49:56,606 - INFO - H    0     0                    17310.407751 5647.32842  67.4%     -    0s
2025-07-08 15:49:56,627 - INFO -      0     0 6948.29364    0   32 17310.4078 6948.29364  59.9%     -    0s
2025-07-08 15:49:56,667 - INFO - H    0     0                    13574.100778 6975.64821  48.6%     -    0s
2025-07-08 15:49:56,668 - INFO -      0     0 6975.64821    0   32 13574.1008 6975.64821  48.6%     -    0s
2025-07-08 15:49:56,683 - INFO - H    0     0                    12422.614872 6975.64821  43.8%     -    0s
2025-07-08 15:49:56,689 - INFO - H    0     0                    10986.529218 6975.64821  36.5%     -    0s
2025-07-08 15:49:56,690 - INFO -      0     0 6975.64821    0   34 10986.5292 6975.64821  36.5%     -    0s
2025-07-08 15:49:56,700 - INFO - H    0     0                    9771.7531793 6975.64821  28.6%     -    0s
2025-07-08 15:49:56,702 - INFO - H    0     0                    9122.6196239 6975.64821  23.5%     -    0s
2025-07-08 15:49:56,715 - INFO -      0     0 6975.64821    0   34 9122.61962 6975.64821  23.5%     -    0s
2025-07-08 15:49:56,733 - INFO - H    0     0                    8196.6099296 6975.64821  14.9%     -    0s
2025-07-08 15:49:56,739 - INFO -      0     0 6975.64821    0   34 8196.60993 6975.64821  14.9%     -    0s
2025-07-08 15:49:56,754 - INFO -      0     0 6975.64821    0   34 8196.60993 6975.64821  14.9%     -    0s
2025-07-08 15:49:56,774 - INFO -      0     0 6975.64821    0   34 8196.60993 6975.64821  14.9%     -    0s
2025-07-08 15:49:56,786 - INFO -      0     0 6975.64821    0   34 8196.60993 6975.64821  14.9%     -    0s
2025-07-08 15:49:56,873 - INFO -      0     0 6975.64821    0   29 8196.60993 6975.64821  14.9%     -    0s
2025-07-08 15:49:56,896 - INFO - H    0     0                    8103.2573620 6975.64821  13.9%     -    0s
2025-07-08 15:49:56,906 - INFO -      0     0 6975.64821    0   34 8103.25736 6975.64821  13.9%     -    0s
2025-07-08 15:49:56,920 - INFO -      0     0 6975.64821    0   34 8103.25736 6975.64821  13.9%     -    0s
2025-07-08 15:49:56,948 - INFO -      0     0 6975.64821    0   34 8103.25736 6975.64821  13.9%     -    0s
2025-07-08 15:49:56,966 - INFO -      0     0 6975.64821    0   34 8103.25736 6975.64821  13.9%     -    0s
2025-07-08 15:49:57,009 - INFO -      0     0 6975.64821    0   34 8103.25736 6975.64821  13.9%     -    0s
2025-07-08 15:49:57,023 - INFO -      0     0 6975.64821    0   34 8103.25736 6975.64821  13.9%     -    0s
2025-07-08 15:49:57,048 - INFO - H    0     0                    7962.0790193 6975.64821  12.4%     -    0s
2025-07-08 15:49:57,085 - INFO -      0     2 6975.64821    0   34 7962.07902 6975.64821  12.4%     -    0s
2025-07-08 15:50:01,555 - INFO -   8137  3900 7601.96033   25    6 7962.07902 7235.08196  9.13%   6.4    5s
2025-07-08 15:50:08,319 - INFO -  29346  9346 7527.41813   20   34 7962.07902 7422.53822  6.78%   7.2   11s
2025-07-08 15:50:11,568 - INFO -  30590  9675 7422.53822   33    6 7962.07902 7422.53822  6.78%   7.3   15s
2025-07-08 15:50:16,581 - INFO -  50920  9940     cutoff   35      7962.07902 7427.79053  6.71%   7.2   20s
2025-07-08 15:50:21,579 - INFO -  76187  9010 infeasible   38      7962.07902 7579.01425  4.81%   7.6   25s
2025-07-08 15:50:26,605 - INFO -  94177  4915 infeasible   38      7962.07902 7702.84700  3.26%   7.9   30s
2025-07-08 15:50:28,828 - INFO - 
2025-07-08 15:50:28,829 - INFO - Cutting planes:
2025-07-08 15:50:28,829 - INFO -   Learned: 11
2025-07-08 15:50:28,829 - INFO -   Gomory: 15
2025-07-08 15:50:28,830 - INFO -   Cover: 74
2025-07-08 15:50:28,830 - INFO -   Implied bound: 11
2025-07-08 15:50:28,830 - INFO -   Projected implied bound: 6
2025-07-08 15:50:28,830 - INFO -   MIR: 35
2025-07-08 15:50:28,831 - INFO -   Mixing: 14
2025-07-08 15:50:28,831 - INFO -   Flow cover: 148
2025-07-08 15:50:28,831 - INFO -   Inf proof: 10
2025-07-08 15:50:28,831 - INFO -   Zero half: 2
2025-07-08 15:50:28,832 - INFO -   RLT: 7
2025-07-08 15:50:28,832 - INFO -   Relax-and-lift: 11
2025-07-08 15:50:28,834 - INFO - 
2025-07-08 15:50:28,834 - INFO - Explored 103268 nodes (825874 simplex iterations) in 32.29 seconds (15.05 work units)
2025-07-08 15:50:28,835 - INFO - Thread count was 8 (of 8 available processors)
2025-07-08 15:50:28,835 - INFO - 
2025-07-08 15:50:28,836 - INFO - Solution count 10: 7962.08 7962.08 8103.26 ... 17310.4
2025-07-08 15:50:28,836 - INFO - 
2025-07-08 15:50:28,836 - INFO - Optimal solution found (tolerance 1.00e-04)
2025-07-08 15:50:28,837 - INFO - Best objective 7.962079019334e+03, best bound 7.962079019334e+03, gap 0.0000%
2025-07-08 15:50:29,763 - INFO - Plot saved e:\hands_on_opt\Tsp_Tirupathi_2\output_files\plots\tour_gurobi_20.png
2025-07-08 15:50:29,789 - INFO - Gurobi solving n=30 (limit=600s)...
2025-07-08 15:50:30,022 - INFO - Read LP format model from file C:\Users\HP\AppData\Local\Temp\tmp7mg9gyms.pyomo.lp
2025-07-08 15:50:30,023 - INFO - Reading time = 0.13 seconds
2025-07-08 15:50:30,024 - INFO - x1: 872 rows, 899 columns, 4176 nonzeros
2025-07-08 15:50:30,024 - INFO - Set parameter TimeLimit to value 600
2025-07-08 15:50:30,025 - INFO - Set parameter MIPGap to value 0.0001
2025-07-08 15:50:30,026 - INFO - Gurobi Optimizer version 12.0.1 build v12.0.1rc0 (win64 - Windows 11.0 (22631.2))
2025-07-08 15:50:30,026 - INFO - 
2025-07-08 15:50:30,027 - INFO - CPU model: AMD Ryzen 5 3550H with Radeon Vega Mobile Gfx, instruction set [SSE2|AVX|AVX2]
2025-07-08 15:50:30,028 - INFO - Thread count: 4 physical cores, 8 logical processors, using up to 8 threads
2025-07-08 15:50:30,028 - INFO - 
2025-07-08 15:50:30,029 - INFO - Non-default parameters:
2025-07-08 15:50:30,030 - INFO - TimeLimit  600
2025-07-08 15:50:30,031 - INFO - 
2025-07-08 15:50:30,031 - INFO - Optimize a model with 872 rows, 899 columns and 4176 nonzeros
2025-07-08 15:50:30,032 - INFO - Model fingerprint: 0xd765fec7
2025-07-08 15:50:30,033 - INFO - Variable types: 29 continuous, 870 integer (870 binary)
2025-07-08 15:50:30,034 - INFO - Coefficient statistics:
2025-07-08 15:50:30,034 - INFO -   Matrix range     [1e+00, 3e+01]
2025-07-08 15:50:30,035 - INFO -   Objective range  [2e+01, 3e+03]
2025-07-08 15:50:30,036 - INFO -   Bounds range     [1e+00, 3e+01]
2025-07-08 15:50:30,037 - INFO -   RHS range        [1e+00, 3e+01]
2025-07-08 15:50:30,055 - INFO - Presolve time: 0.01s
2025-07-08 15:50:30,056 - INFO - Presolved: 872 rows, 899 columns, 4176 nonzeros
2025-07-08 15:50:30,069 - INFO - Variable types: 29 continuous, 870 integer (870 binary)
2025-07-08 15:50:30,075 - INFO - Found heuristic solution: objective 33949.600013
2025-07-08 15:50:30,081 - INFO - Found heuristic solution: objective 33099.592779
2025-07-08 15:50:30,085 - INFO - 
2025-07-08 15:50:30,086 - INFO - Root relaxation: objective 6.925470e+03, 92 iterations, 0.00 seconds (0.00 work units)
2025-07-08 15:50:30,104 - INFO - 
2025-07-08 15:50:30,105 - INFO -     Nodes    |    Current Node    |     Objective Bounds      |     Work
2025-07-08 15:50:30,106 - INFO -  Expl Unexpl |  Obj  Depth IntInf | Incumbent    BestBd   Gap | It/Node Time
2025-07-08 15:50:30,107 - INFO - 
2025-07-08 15:50:30,108 - INFO -      0     0 6925.47016    0   52 33099.5928 6925.47016  79.1%     -    0s
2025-07-08 15:50:30,186 - INFO - H    0     0                    31561.014894 6925.47016  78.1%     -    0s
2025-07-08 15:50:30,207 - INFO - H    0     0                    22078.864315 6925.47016  68.6%     -    0s
2025-07-08 15:50:30,252 - INFO -      0     0 8507.98200    0   54 22078.8643 8507.98200  61.5%     -    0s
2025-07-08 15:50:30,268 - INFO -      0     0 8507.98200    0   54 22078.8643 8507.98200  61.5%     -    0s
2025-07-08 15:50:30,310 - INFO - H    0     0                    17661.106392 8507.98200  51.8%     -    0s
2025-07-08 15:50:30,325 - INFO -      0     0 8511.70122    0   58 17661.1064 8511.70122  51.8%     -    0s
2025-07-08 15:50:30,340 - INFO - H    0     0                    16581.722660 8511.70122  48.7%     -    0s
2025-07-08 15:50:30,351 - INFO -      0     0 8512.56773    0   58 16581.7227 8512.56773  48.7%     -    0s
2025-07-08 15:50:30,410 - INFO -      0     0 8512.56773    0   58 16581.7227 8512.56773  48.7%     -    0s
2025-07-08 15:50:30,423 - INFO - H    0     0                    15821.498064 8512.56773  46.2%     -    0s
2025-07-08 15:50:30,426 - INFO -      0     0 8512.56773    0   58 15821.4981 8512.56773  46.2%     -    0s
2025-07-08 15:50:30,475 - INFO - H    0     0                    13682.685786 8512.56773  37.8%     -    0s
2025-07-08 15:50:30,483 - INFO -      0     0 8512.72586    0   58 13682.6858 8512.72586  37.8%     -    0s
2025-07-08 15:50:30,530 - INFO -      0     0 8512.72586    0   58 13682.6858 8512.72586  37.8%     -    0s
2025-07-08 15:50:30,550 - INFO -      0     0 8512.77815    0   56 13682.6858 8512.77815  37.8%     -    0s
2025-07-08 15:50:30,675 - INFO -      0     2 8514.12519    0   56 13682.6858 8514.12519  37.8%     -    0s
2025-07-08 15:50:30,831 - INFO - H   31    36                    13647.114834 8524.85037  37.5%  15.1    0s
2025-07-08 15:50:31,013 - INFO - H   83   100                    12918.389734 8524.85037  34.0%  10.8    0s
2025-07-08 15:50:31,219 - INFO - H  186   192                    12360.730619 8524.85037  31.0%   8.2    1s
2025-07-08 15:50:31,543 - INFO - H  949   778                    11466.347415 8765.38389  23.6%   7.7    1s
2025-07-08 15:50:31,596 - INFO - H 1137   851                    11408.042118 8766.73422  23.2%   7.6    1s
2025-07-08 15:50:31,776 - INFO - H 1139   810                    11129.734464 8766.73422  21.2%   7.6    1s
2025-07-08 15:50:32,172 - INFO - H 1147   774                    10953.332705 9173.02610  16.3%   7.5    2s
2025-07-08 15:50:32,408 - INFO - H 1147   735                    10917.761753 9173.07572  16.0%   7.5    2s
2025-07-08 15:50:32,414 - INFO - H 1148   699                    10822.975481 9209.18667  14.9%   7.5    2s
2025-07-08 15:50:32,415 - INFO - H 1148   664                    10638.888588 9209.18667  13.4%   7.5    2s
2025-07-08 15:50:32,708 - INFO - H 1154   634                    10603.317637 9260.76687  12.7%   7.5    2s
2025-07-08 15:50:33,632 - INFO - H 1162   607                    10510.835531 9265.33479  11.8%   7.4    3s
2025-07-08 15:50:33,764 - INFO - H 1165   580                    10376.904170 9267.22128  10.7%   8.1    3s
2025-07-08 15:50:34,341 - INFO - H 1173   556                    10320.292229 9274.53408  10.1%   8.1    4s
2025-07-08 15:50:35,062 - INFO -   1289   641 9428.71431   38   14 10320.2922 9276.00146  10.1%   9.8    5s
2025-07-08 15:50:40,105 - INFO -   7241  3978 9476.12603   44   32 10320.2922 9407.68530  8.84%   9.6   10s
2025-07-08 15:50:45,058 - INFO -  15226  8705 9584.80575   68   21 10320.2922 9450.24054  8.43%   9.1   15s
2025-07-08 15:50:50,108 - INFO -  33133 15592 9922.06425  100   12 10320.2922 9467.20573  8.27%   8.6   20s
2025-07-08 15:50:56,253 - INFO -  43955 19590 9713.93702   56   56 10320.2922 9496.12803  7.99%   8.5   26s
2025-07-08 15:51:00,401 - INFO -  43980 19607 10022.3188  106   62 10320.2922 9496.12803  7.99%   8.5   30s
2025-07-08 15:51:05,159 - INFO -  49509 21553 infeasible   89      10320.2922 9496.12803  7.99%   8.8   35s
2025-07-08 15:51:10,134 - INFO -  65395 26533     cutoff   81      10320.2922 9505.51398  7.89%   9.0   40s
2025-07-08 15:51:15,115 - INFO -  80532 30655 10059.5481   72   15 10320.2922 9541.31631  7.55%   9.1   45s
2025-07-08 15:51:20,315 - INFO -  96299 33281 infeasible   83      10320.2922 9568.34824  7.29%   9.2   50s
2025-07-08 15:51:26,320 - INFO -  104375 39490 9932.56992   68   18 10320.2922 9579.61342  7.18%   9.3   56s
2025-07-08 15:51:30,222 - INFO -  122918 45712     cutoff   74      10320.2922 9604.17073  6.94%   9.3   60s
2025-07-08 15:51:35,185 - INFO -  140617 55011 10116.4287   88    6 10320.2922 9620.98990  6.78%   9.4   65s
2025-07-08 15:51:40,105 - INFO -  157769 63681 10155.5817   68   28 10320.2922 9635.00517  6.64%   9.4   70s
2025-07-08 15:51:45,291 - INFO -  174724 72286 9928.31444   81    8 10320.2922 9648.07625  6.51%   9.4   75s
2025-07-08 15:51:50,152 - INFO -  190052 79938     cutoff   83      10320.2922 9657.36117  6.42%   9.4   80s
2025-07-08 15:51:55,191 - INFO -  205653 87108 10268.0364   72   21 10320.2922 9666.94674  6.33%   9.4   85s
2025-07-08 15:52:00,086 - INFO -  220128 93432 10096.0113   69   38 10320.2922 9676.07311  6.24%   9.5   90s
2025-07-08 15:52:05,283 - INFO -  235541 100090 10003.2502   72    8 10320.2922 9684.48125  6.16%   9.5   95s
2025-07-08 15:52:10,171 - INFO -  248284 105372 10009.8270   80    6 10320.2922 9690.88701  6.10%   9.6  100s
2025-07-08 15:52:15,183 - INFO -  261889 111030 infeasible   83      10320.2922 9697.60329  6.03%   9.6  105s
2025-07-08 15:52:20,272 - INFO -  275064 116012     cutoff   87      10320.2922 9703.46898  5.98%   9.7  110s
2025-07-08 15:52:25,160 - INFO -  290040 121845     cutoff   92      10320.2922 9709.80764  5.92%   9.7  115s
2025-07-08 15:52:30,114 - INFO -  304508 127833 10057.6496   84   23 10320.2922 9715.83191  5.86%   9.7  120s
2025-07-08 15:52:35,074 - INFO -  319357 133430 10088.3592   65   43 10320.2922 9721.76492  5.80%   9.7  125s
2025-07-08 15:52:37,614 - INFO - H325106 135278                    10320.291441 9724.03605  5.78%   9.7  127s
2025-07-08 15:52:40,309 - INFO -  332163 138114 9960.37304   83   34 10320.2914 9726.95628  5.75%   9.8  130s
2025-07-08 15:52:45,065 - INFO -  346159 143384 10205.3703   73   14 10320.2914 9732.01180  5.70%   9.8  135s
2025-07-08 15:52:50,189 - INFO -  361596 149392 10226.6095   84   13 10320.2914 9737.65275  5.65%   9.8  140s
2025-07-08 15:52:55,044 - INFO -  376492 154669 10040.4263   77   11 10320.2914 9742.32351  5.60%   9.8  145s
2025-07-08 15:53:00,216 - INFO -  391066 160044 10231.5970   75    6 10320.2914 9747.35438  5.55%   9.8  150s
2025-07-08 15:53:05,340 - INFO -  402147 164162 9868.73134   79   29 10320.2914 9750.99910  5.52%   9.8  155s
2025-07-08 15:53:10,096 - INFO -  412415 167407 10119.0266   75   13 10320.2914 9754.65334  5.48%   9.9  160s
2025-07-08 15:53:15,165 - INFO -  421146 170407 10088.9828   93    6 10320.2914 9757.42571  5.45%   9.9  165s
2025-07-08 15:53:20,187 - INFO -  433759 174758 10095.8459   81   12 10320.2914 9761.38867  5.42%   9.9  170s
2025-07-08 15:53:25,205 - INFO -  448103 179286 10316.7721   80   27 10320.2914 9765.67286  5.37%   9.9  175s
2025-07-08 15:53:30,057 - INFO -  461590 183551     cutoff   84      10320.2914 9769.82961  5.33%  10.0  180s
2025-07-08 15:53:35,256 - INFO -  474873 187536 10216.5811   92    7 10320.2914 9773.53671  5.30%  10.0  185s
2025-07-08 15:53:40,372 - INFO -  487962 191496 10256.9066   84    8 10320.2914 9777.25942  5.26%  10.0  190s
2025-07-08 15:53:45,053 - INFO -  499505 195029     cutoff   76      10320.2914 9780.72105  5.23%  10.0  195s
2025-07-08 15:53:50,239 - INFO -  513545 199084 10114.7894   79    6 10320.2914 9784.75983  5.19%  10.0  200s
2025-07-08 15:53:55,320 - INFO -  527149 202939 10112.4489   87   10 10320.2914 9788.09085  5.16%  10.1  205s
2025-07-08 15:54:00,225 - INFO -  539298 206291 10064.3350   83    8 10320.2914 9791.33319  5.13%  10.1  210s
2025-07-08 15:54:05,284 - INFO -  553228 210218 9924.61672   66   11 10320.2914 9794.80944  5.09%  10.1  215s
2025-07-08 15:54:10,054 - INFO -  565815 213942 9863.80741   69   14 10320.2914 9797.78931  5.06%  10.1  220s
2025-07-08 15:54:15,318 - INFO -  577172 217024 10200.3765   79    6 10320.2914 9800.52709  5.04%  10.1  225s
2025-07-08 15:54:20,087 - INFO -  587397 220017 10028.8289   70   27 10320.2914 9802.96070  5.01%  10.1  230s
2025-07-08 15:54:25,115 - INFO -  600775 223730 9941.30289   72    6 10320.2914 9805.86567  4.98%  10.2  235s
2025-07-08 15:54:30,143 - INFO -  614342 227322 10274.9360   69   28 10320.2914 9809.07907  4.95%  10.2  240s
2025-07-08 15:54:35,195 - INFO -  627993 230956 10072.7442   72    6 10320.2914 9812.17096  4.92%  10.2  245s
2025-07-08 15:54:40,351 - INFO -  641415 234608 10106.0275   91   12 10320.2914 9815.08911  4.90%  10.2  250s
2025-07-08 15:54:45,159 - INFO -  653978 237851 10079.0037   79   16 10320.2914 9817.93790  4.87%  10.2  255s
2025-07-08 15:54:50,221 - INFO -  667320 241301 infeasible   78      10320.2914 9820.73519  4.84%  10.2  260s
2025-07-08 15:54:55,065 - INFO -  679148 244310 9844.60968   73   37 10320.2914 9823.03878  4.82%  10.2  265s
2025-07-08 15:55:00,201 - INFO -  691093 247339     cutoff   74      10320.2914 9825.63095  4.79%  10.3  270s
2025-07-08 15:55:05,094 - INFO -  703200 250298     cutoff   83      10320.2914 9828.10543  4.77%  10.3  275s
2025-07-08 15:55:10,124 - INFO -  715829 253089 10254.4354   83   11 10320.2914 9830.55133  4.75%  10.3  280s
2025-07-08 15:55:15,288 - INFO -  727843 255717 10207.2308   74   10 10320.2914 9832.81436  4.72%  10.3  285s
2025-07-08 15:55:20,136 - INFO -  735008 257292 9966.91162   87   10 10320.2914 9834.30531  4.71%  10.3  290s
2025-07-08 15:55:25,543 - INFO -  741022 258736     cutoff   90      10320.2914 9835.57589  4.70%  10.3  295s
2025-07-08 15:55:30,105 - INFO -  747222 260282 9964.01886   75   18 10320.2914 9836.88714  4.68%  10.3  300s
2025-07-08 15:55:35,447 - INFO -  756703 262383 10065.3030   87    9 10320.2914 9838.76032  4.67%  10.3  305s
2025-07-08 15:55:40,180 - INFO -  763606 264017 10039.2502   85   16 10320.2914 9840.15781  4.65%  10.3  310s
2025-07-08 15:55:45,099 - INFO -  775387 266539 10083.7447  101   33 10320.2914 9842.34702  4.63%  10.3  315s
2025-07-08 15:55:50,259 - INFO -  788070 269500     cutoff   85      10320.2914 9844.62482  4.61%  10.3  320s
2025-07-08 15:55:55,519 - INFO -  798111 271615 infeasible   84      10320.2914 9846.52222  4.59%  10.4  325s
2025-07-08 15:56:00,341 - INFO -  807808 273536     cutoff   83      10320.2914 9848.49725  4.57%  10.4  330s
2025-07-08 15:56:05,354 - INFO -  817392 275283 infeasible   93      10320.2914 9850.24816  4.55%  10.4  335s
2025-07-08 15:56:10,139 - INFO -  826321 276948 9988.78963   79   27 10320.2914 9851.88959  4.54%  10.4  340s
2025-07-08 15:56:15,313 - INFO -  836446 278834 10074.1491   85   40 10320.2914 9853.90151  4.52%  10.4  345s
2025-07-08 15:56:20,418 - INFO -  846379 280750 10276.9244   69   26 10320.2914 9855.53740  4.50%  10.5  350s
2025-07-08 15:56:25,170 - INFO -  855272 282104     cutoff   79      10320.2914 9857.23269  4.49%  10.5  355s
2025-07-08 15:56:30,429 - INFO -  864227 284036 infeasible   71      10320.2914 9858.82848  4.47%  10.5  360s
2025-07-08 15:56:35,259 - INFO -  874932 286339 9942.34276   84   29 10320.2914 9860.55238  4.45%  10.5  365s
2025-07-08 15:56:40,580 - INFO -  884431 288200 10169.2441   74   12 10320.2914 9862.15188  4.44%  10.5  370s
2025-07-08 15:56:45,151 - INFO -  891427 289673 10120.1978   79   12 10320.2914 9863.30206  4.43%  10.5  375s
2025-07-08 15:56:50,415 - INFO -  902675 291785 infeasible   79      10320.2914 9865.21878  4.41%  10.5  380s
2025-07-08 15:56:55,435 - INFO -  911321 293210 10285.1333   80   13 10320.2914 9866.63678  4.40%  10.6  385s
2025-07-08 15:57:00,515 - INFO -  917401 294249 10105.2020   71   15 10320.2914 9867.65451  4.39%  10.6  390s
2025-07-08 15:57:05,070 - INFO -  924976 295663 10103.8311   79    6 10320.2914 9868.95551  4.37%  10.6  395s
2025-07-08 15:57:10,261 - INFO -  936130 297665 10273.1327   67    6 10320.2914 9870.72134  4.36%  10.6  400s
2025-07-08 15:57:15,336 - INFO -  947365 299659 10174.1197   85   25 10320.2914 9872.48968  4.34%  10.6  405s
2025-07-08 15:57:20,411 - INFO -  958144 301075 10049.2643   67   19 10320.2914 9874.20626  4.32%  10.6  410s
2025-07-08 15:57:25,155 - INFO -  968072 302664 10089.7282   88    9 10320.2914 9875.86297  4.31%  10.6  415s
2025-07-08 15:57:30,311 - INFO -  979269 304450 10231.4628   74   10 10320.2914 9877.62067  4.29%  10.6  420s
2025-07-08 15:57:35,261 - INFO -  990165 306205 10074.7263   75    8 10320.2914 9879.35383  4.27%  10.6  425s
2025-07-08 15:57:40,064 - INFO -  1001115 308031 10166.4108   86   10 10320.2914 9881.10909  4.26%  10.6  430s
2025-07-08 15:57:45,177 - INFO -  1012525 309824 10308.8275   73   16 10320.2914 9882.85252  4.24%  10.7  435s
2025-07-08 15:57:50,370 - INFO -  1023541 311463 10080.8507   81   18 10320.2914 9884.67453  4.22%  10.7  440s
2025-07-08 15:57:55,389 - INFO -  1034684 313125     cutoff   83      10320.2914 9886.34088  4.20%  10.7  445s
2025-07-08 15:58:00,283 - INFO -  1045796 314388 10155.2871   80   12 10320.2914 9887.99541  4.19%  10.7  450s
2025-07-08 15:58:05,082 - INFO -  1057566 315859 10153.1604   90    4 10320.2914 9889.73296  4.17%  10.7  455s
2025-07-08 15:58:10,181 - INFO -  1070331 317741 10185.1538   83    6 10320.2914 9891.63514  4.15%  10.7  460s
2025-07-08 15:58:15,238 - INFO -  1082898 319416 10291.7868   74    6 10320.2914 9893.57643  4.13%  10.7  465s
2025-07-08 15:58:20,046 - INFO -  1090673 320485     cutoff   75      10320.2914 9894.80362  4.12%  10.7  470s
2025-07-08 15:58:25,155 - INFO -  1102985 321971 10164.0336   79    6 10320.2914 9896.53905  4.11%  10.7  475s
2025-07-08 15:58:30,301 - INFO -  1114998 323502 9992.15551   70   24 10320.2914 9898.29261  4.09%  10.7  480s
2025-07-08 15:58:35,153 - INFO -  1127025 325139 10183.3953   82    9 10320.2914 9900.03299  4.07%  10.7  485s
2025-07-08 15:58:40,192 - INFO -  1139629 326640 9943.99342   72    6 10320.2914 9901.87526  4.05%  10.7  490s
2025-07-08 15:58:45,362 - INFO -  1150274 327678 9943.99991   69   15 10320.2914 9903.38452  4.04%  10.7  495s
2025-07-08 15:58:50,297 - INFO -  1162194 328811 10112.8052   77   32 10320.2914 9905.10160  4.02%  10.8  500s
2025-07-08 15:58:55,096 - INFO -  1173921 329991 infeasible   83      10320.2914 9906.65899  4.01%  10.8  505s
2025-07-08 15:59:00,225 - INFO -  1186796 331535     cutoff   81      10320.2914 9908.29689  3.99%  10.8  510s
2025-07-08 15:59:05,400 - INFO -  1199163 333040 9960.55146   78   17 10320.2914 9910.05805  3.98%  10.8  515s
2025-07-08 15:59:10,284 - INFO -  1210804 334402 10229.5090   80    6 10320.2914 9911.69422  3.96%  10.8  520s
2025-07-08 15:59:15,058 - INFO -  1222858 335513 10018.5760   75   32 10320.2914 9913.28712  3.94%  10.8  525s
2025-07-08 15:59:20,308 - INFO -  1235483 336738 10141.3040   78   10 10320.2914 9914.97212  3.93%  10.8  530s
2025-07-08 15:59:25,128 - INFO -  1247455 337839     cutoff   86      10320.2914 9916.52340  3.91%  10.8  535s
2025-07-08 15:59:30,156 - INFO -  1260206 339111 10129.5474   83    6 10320.2914 9918.30846  3.90%  10.8  540s
2025-07-08 15:59:35,296 - INFO -  1272921 340486 9986.26980   73    6 10320.2914 9919.85242  3.88%  10.8  545s
2025-07-08 15:59:40,109 - INFO -  1284804 341652 9976.75051   71    6 10320.2914 9921.29992  3.87%  10.8  550s
2025-07-08 15:59:45,084 - INFO -  1294653 342303 10257.3112   84    6 10320.2914 9922.55504  3.85%  10.8  555s
2025-07-08 15:59:50,124 - INFO -  1305800 343188 10036.2445   80   17 10320.2914 9924.01622  3.84%  10.8  560s
2025-07-08 15:59:55,319 - INFO -  1317640 344283 9994.54296   80   24 10320.2914 9925.52311  3.83%  10.8  565s
2025-07-08 16:00:00,233 - INFO -  1328992 345322     cutoff   82      10320.2914 9926.94676  3.81%  10.8  570s
2025-07-08 16:00:05,211 - INFO -  1340215 346374 10063.8952   89   14 10320.2914 9928.39314  3.80%  10.8  575s
2025-07-08 16:00:10,143 - INFO -  1351503 347367     cutoff   90      10320.2914 9929.83349  3.78%  10.8  580s
2025-07-08 16:00:15,396 - INFO -  1363435 348372 10151.0869   73   17 10320.2914 9931.28331  3.77%  10.9  585s
2025-07-08 16:00:20,144 - INFO -  1374540 349206     cutoff   78      10320.2914 9932.67902  3.76%  10.9  590s
2025-07-08 16:00:25,109 - INFO -  1386526 350134     cutoff   81      10320.2914 9934.20343  3.74%  10.9  595s
2025-07-08 16:00:30,039 - INFO -  1398553 351247 10116.5044   79   10 10320.2914 9935.66803  3.73%  10.9  600s
2025-07-08 16:00:30,054 - INFO - 
2025-07-08 16:00:30,055 - INFO - Cutting planes:
2025-07-08 16:00:30,055 - INFO -   Learned: 36
2025-07-08 16:00:30,056 - INFO -   Gomory: 54
2025-07-08 16:00:30,056 - INFO -   Cover: 71
2025-07-08 16:00:30,056 - INFO -   Implied bound: 27
2025-07-08 16:00:30,056 - INFO -   Projected implied bound: 9
2025-07-08 16:00:30,057 - INFO -   MIR: 42
2025-07-08 16:00:30,057 - INFO -   Mixing: 19
2025-07-08 16:00:30,057 - INFO -   Flow cover: 337
2025-07-08 16:00:30,057 - INFO -   Inf proof: 217
2025-07-08 16:00:30,058 - INFO -   Zero half: 104
2025-07-08 16:00:30,058 - INFO -   RLT: 5
2025-07-08 16:00:30,058 - INFO -   Relax-and-lift: 26
2025-07-08 16:00:30,060 - INFO - 
2025-07-08 16:00:30,060 - INFO - Explored 1399311 nodes (15202399 simplex iterations) in 600.03 seconds (287.37 work units)
2025-07-08 16:00:30,061 - INFO - Thread count was 8 (of 8 available processors)
2025-07-08 16:00:30,061 - INFO - 
2025-07-08 16:00:30,061 - INFO - Solution count 10: 10320.3 10376.9 10510.8 ... 11408
2025-07-08 16:00:30,061 - INFO - 
2025-07-08 16:00:30,062 - INFO - Time limit reached
2025-07-08 16:00:30,062 - INFO - Best objective 1.032029144149e+04, best bound 9.935755791344e+03, gap 3.7260%
2025-07-08 16:00:31,801 - WARNING - Loading a SolverResults object with an 'aborted' status, but containing a solution
2025-07-08 16:00:32,713 - INFO - Plot saved e:\hands_on_opt\Tsp_Tirupathi_2\output_files\plots\tour_gurobi_30.png
2025-07-08 16:00:32,764 - INFO - Gurobi solving n=40 (limit=600s)...
2025-07-08 16:00:33,081 - INFO - Read LP format model from file C:\Users\HP\AppData\Local\Temp\tmpdt0btfi9.pyomo.lp
2025-07-08 16:00:33,082 - INFO - Reading time = 0.12 seconds
2025-07-08 16:00:33,082 - INFO - x1: 1562 rows, 1599 columns, 7566 nonzeros
2025-07-08 16:00:33,083 - INFO - Set parameter TimeLimit to value 600
2025-07-08 16:00:33,084 - INFO - Set parameter MIPGap to value 0.0001
2025-07-08 16:00:33,084 - INFO - Gurobi Optimizer version 12.0.1 build v12.0.1rc0 (win64 - Windows 11.0 (22631.2))
2025-07-08 16:00:33,085 - INFO - 
2025-07-08 16:00:33,085 - INFO - CPU model: AMD Ryzen 5 3550H with Radeon Vega Mobile Gfx, instruction set [SSE2|AVX|AVX2]
2025-07-08 16:00:33,086 - INFO - Thread count: 4 physical cores, 8 logical processors, using up to 8 threads
2025-07-08 16:00:33,087 - INFO - 
2025-07-08 16:00:33,087 - INFO - Non-default parameters:
2025-07-08 16:00:33,089 - INFO - TimeLimit  600
2025-07-08 16:00:33,090 - INFO - 
2025-07-08 16:00:33,091 - INFO - Optimize a model with 1562 rows, 1599 columns and 7566 nonzeros
2025-07-08 16:00:33,093 - INFO - Model fingerprint: 0x58773f11
2025-07-08 16:00:33,094 - INFO - Variable types: 39 continuous, 1560 integer (1560 binary)
2025-07-08 16:00:33,095 - INFO - Coefficient statistics:
2025-07-08 16:00:33,095 - INFO -   Matrix range     [1e+00, 4e+01]
2025-07-08 16:00:33,096 - INFO -   Objective range  [2e+01, 3e+03]
2025-07-08 16:00:33,096 - INFO -   Bounds range     [1e+00, 4e+01]
2025-07-08 16:00:33,097 - INFO -   RHS range        [1e+00, 4e+01]
2025-07-08 16:00:33,122 - INFO - Presolve time: 0.02s
2025-07-08 16:00:33,123 - INFO - Presolved: 1562 rows, 1599 columns, 7566 nonzeros
2025-07-08 16:00:33,134 - INFO - Variable types: 39 continuous, 1560 integer (1560 binary)
2025-07-08 16:00:33,144 - INFO - Found heuristic solution: objective 47868.316838
2025-07-08 16:00:33,153 - INFO - Found heuristic solution: objective 42274.687051
2025-07-08 16:00:33,160 - INFO - 
2025-07-08 16:00:33,161 - INFO - Root relaxation: objective 8.033958e+03, 133 iterations, 0.00 seconds (0.00 work units)
2025-07-08 16:00:33,182 - INFO - 
2025-07-08 16:00:33,184 - INFO -     Nodes    |    Current Node    |     Objective Bounds      |     Work
2025-07-08 16:00:33,185 - INFO -  Expl Unexpl |  Obj  Depth IntInf | Incumbent    BestBd   Gap | It/Node Time
2025-07-08 16:00:33,185 - INFO - 
2025-07-08 16:00:33,186 - INFO -      0     0 8033.95835    0   50 42274.6871 8033.95835  81.0%     -    0s
2025-07-08 16:00:33,360 - INFO - H    0     0                    15701.845307 8033.95835  48.8%     -    0s
2025-07-08 16:00:33,368 - INFO - H    0     0                    14306.729429 8033.95835  43.8%     -    0s
2025-07-08 16:00:33,394 - INFO - H    0     0                    14098.150571 8033.95835  43.0%     -    0s
2025-07-08 16:00:33,405 - INFO - H    0     0                    14089.805687 8033.95835  43.0%     -    0s
2025-07-08 16:00:33,542 - INFO - H    0     0                    14012.271114 8033.95835  42.7%     -    0s
2025-07-08 16:00:33,781 - INFO - H    0     0                    13589.679074 8033.95835  40.9%     -    0s
2025-07-08 16:00:33,782 - INFO - H    0     0                    12849.739671 8033.95835  37.5%     -    0s
2025-07-08 16:00:33,801 - INFO -      0     0 8948.23387    0   80 12849.7397 8948.23387  30.4%     -    0s
2025-07-08 16:00:33,826 - INFO - H    0     0                    12772.205098 8948.23387  29.9%     -    0s
2025-07-08 16:00:33,852 - INFO - H    0     0                    12564.784694 8948.23387  28.8%     -    0s
2025-07-08 16:00:33,853 - INFO - H    0     0                    12563.808316 8948.23387  28.8%     -    0s
2025-07-08 16:00:33,860 - INFO -      0     0 8949.43196    0   83 12563.8083 8949.43196  28.8%     -    0s
2025-07-08 16:00:33,868 - INFO -      0     0 8949.43196    0   83 12563.8083 8949.43196  28.8%     -    0s
2025-07-08 16:00:33,940 - INFO -      0     0 9273.42185    0   80 12563.8083 9273.42185  26.2%     -    0s
2025-07-08 16:00:33,961 - INFO -      0     0 9304.43557    0   81 12563.8083 9304.43557  25.9%     -    0s
2025-07-08 16:00:33,972 - INFO -      0     0 9304.43557    0   82 12563.8083 9304.43557  25.9%     -    0s
2025-07-08 16:00:34,086 - INFO -      0     0 9304.43557    0   82 12563.8083 9304.43557  25.9%     -    0s
2025-07-08 16:00:34,107 - INFO -      0     0 9349.12519    0   80 12563.8083 9349.12519  25.6%     -    1s
2025-07-08 16:00:34,115 - INFO -      0     0 9349.12519    0   80 12563.8083 9349.12519  25.6%     -    1s
2025-07-08 16:00:34,199 - INFO -      0     0 9349.35340    0   68 12563.8083 9349.35340  25.6%     -    1s
2025-07-08 16:00:34,222 - INFO -      0     0 9349.35340    0   68 12563.8083 9349.35340  25.6%     -    1s
2025-07-08 16:00:34,311 - INFO -      0     0 9365.07561    0   74 12563.8083 9365.07561  25.5%     -    1s
2025-07-08 16:00:34,383 - INFO - H    0     0                    12549.741489 9365.07561  25.4%     -    1s
2025-07-08 16:00:34,409 - INFO - H    0     0                    12465.392068 9365.07561  24.9%     -    1s
2025-07-08 16:00:34,495 - INFO -      0     0 9371.81116    0   68 12465.3921 9371.81116  24.8%     -    1s
2025-07-08 16:00:34,502 - INFO -      0     0 9371.81116    0   68 12465.3921 9371.81116  24.8%     -    1s
2025-07-08 16:00:34,566 - INFO -      0     0 9371.81116    0   68 12465.3921 9371.81116  24.8%     -    1s
2025-07-08 16:00:34,928 - INFO - H    0     0                    12448.222804 9371.81116  24.7%     -    1s
2025-07-08 16:00:35,084 - INFO - H    0     0                    12075.067554 9371.81116  22.4%     -    1s
2025-07-08 16:00:35,205 - INFO - H    0     0                    11841.058941 9371.81116  20.9%     -    2s
2025-07-08 16:00:35,303 - INFO - H    0     0                    11835.017046 9371.81116  20.8%     -    2s
2025-07-08 16:00:35,304 - INFO - H    0     0                    11818.404447 9371.81116  20.7%     -    2s
2025-07-08 16:00:35,377 - INFO - H    0     0                    11812.362551 9371.81116  20.7%     -    2s
2025-07-08 16:00:35,379 - INFO - H    0     0                    11741.461234 9371.81116  20.2%     -    2s
2025-07-08 16:00:35,435 - INFO - H    0     0                    11587.350490 9371.81116  19.1%     -    2s
2025-07-08 16:00:35,634 - INFO -      0     0 9592.67635    0   68 11587.3505 9592.67635  17.2%     -    2s
2025-07-08 16:00:35,702 - INFO -      0     0 9592.67635    0   73 11587.3505 9592.67635  17.2%     -    2s
2025-07-08 16:00:35,711 - INFO -      0     0 9592.67635    0   73 11587.3505 9592.67635  17.2%     -    2s
2025-07-08 16:00:35,763 - INFO -      0     0 9662.75475    0   73 11587.3505 9662.75475  16.6%     -    2s
2025-07-08 16:00:35,840 - INFO -      0     0 9662.75475    0   55 11587.3505 9662.75475  16.6%     -    2s
2025-07-08 16:00:35,848 - INFO -      0     0 9662.75475    0   55 11587.3505 9662.75475  16.6%     -    2s
2025-07-08 16:00:35,912 - INFO -      0     0 9662.75475    0   55 11587.3505 9662.75475  16.6%     -    2s
2025-07-08 16:00:35,970 - INFO -      0     0 9662.75475    0   51 11587.3505 9662.75475  16.6%     -    2s
2025-07-08 16:00:36,042 - INFO -      0     2 9663.53784    0   51 11587.3505 9663.53784  16.6%     -    2s
2025-07-08 16:00:36,348 - INFO - H  316   348                    11585.476985 9663.53784  16.6%   6.6    3s
2025-07-08 16:00:38,298 - INFO -   1132  1048 11493.8925  140   73 11585.4770 9822.82555  15.2%   6.4    5s
2025-07-08 16:00:39,606 - INFO - H 1139  1000                    11522.343203 10303.1769  10.6%   6.4    6s
2025-07-08 16:00:39,607 - INFO - H 1139   949                    11422.707759 10303.1769  9.80%   6.4    6s
2025-07-08 16:00:43,112 - INFO -   1158   962 10350.4932   61   67 11422.7078 10350.4932  9.39%   7.2   10s
2025-07-08 16:00:44,878 - INFO - H 1284  1018                    11420.665668 10357.5138  9.31%   8.6   11s
2025-07-08 16:00:44,879 - INFO - H 1293   969                    11419.689290 10357.5138  9.30%   8.7   11s
2025-07-08 16:00:48,140 - INFO -   4886  2514     cutoff   57      11419.6893 10372.7697  9.17%  10.6   15s
2025-07-08 16:00:51,709 - INFO - H11513  6755                    11370.517958 10404.4130  8.50%  10.7   18s
2025-07-08 16:00:52,048 - INFO - H11935  6721                    11347.863463 10408.7743  8.28%  10.7   18s
2025-07-08 16:00:52,052 - INFO - H12015  6097                    11238.362988 10408.7743  7.38%  10.6   18s
2025-07-08 16:00:52,313 - INFO - H12064  6313                    11237.465861 10409.4795  7.37%  10.7   19s
2025-07-08 16:00:53,224 - INFO -  12456  6330 10902.8798   49   12 11237.4659 10410.0704  7.36%  10.7   20s
2025-07-08 16:00:58,113 - INFO -  14974  7618 10435.2335   47   58 11237.4659 10424.3401  7.24%  10.9   25s
2025-07-08 16:01:03,215 - INFO -  19164  8970 10791.3387  140   22 11237.4659 10424.3401  7.24%  11.3   30s
2025-07-08 16:01:08,422 - INFO -  25564 10553 10555.9542   47   15 11237.4659 10452.7166  6.98%  11.3   35s
2025-07-08 16:01:13,165 - INFO -  35839 14335 10593.4762   48   61 11237.4659 10480.7265  6.73%  10.7   40s
2025-07-08 16:01:23,874 - INFO -  44646 19202 11144.3672   53   51 11237.4659 10496.2942  6.60%  10.3   50s
2025-07-08 16:01:28,400 - INFO -  44660 19211 10595.3242   89   70 11237.4659 10496.2942  6.60%  10.3   55s
2025-07-08 16:01:33,178 - INFO -  45168 19429 10528.0264   61   44 11237.4659 10496.2942  6.60%  10.4   60s
2025-07-08 16:01:38,340 - INFO -  49841 20672 11010.0779   71   42 11237.4659 10496.2942  6.60%  10.5   65s
2025-07-08 16:01:43,241 - INFO -  58686 22898 10812.0398  110   22 11237.4659 10496.2942  6.60%  10.5   70s
2025-07-08 16:01:48,213 - INFO -  69611 26143 10631.3112   88   34 11237.4659 10496.2942  6.60%  10.3   75s
2025-07-08 16:01:53,319 - INFO -  79716 29800 10636.9479  145    8 11237.4659 10498.2783  6.58%  10.1   80s
2025-07-08 16:01:58,231 - INFO -  90161 32680 10833.4719   98   24 11237.4659 10513.3832  6.44%   9.9   85s
2025-07-08 16:02:03,274 - INFO -  102880 38075 10926.3491  109    8 11237.4659 10527.7908  6.32%   9.7   90s
2025-07-08 16:02:08,327 - INFO -  117336 47606     cutoff  117      11237.4659 10541.6017  6.19%   9.5   95s
2025-07-08 16:02:13,260 - INFO -  131477 56750     cutoff   97      11237.4659 10550.8033  6.11%   9.3  100s
2025-07-08 16:02:18,253 - INFO -  140948 62233 10880.6431  107   19 11237.4659 10557.0973  6.05%   9.2  105s
2025-07-08 16:02:23,115 - INFO -  154320 70621 10728.7832   66   12 11237.4659 10564.6964  5.99%   9.2  110s
2025-07-08 16:02:28,318 - INFO -  168551 79225 10983.4642   68   16 11237.4659 10573.1601  5.91%   9.1  115s
2025-07-08 16:02:33,226 - INFO -  182246 87213 11040.9088   70   57 11237.4659 10579.9343  5.85%   9.1  120s
2025-07-08 16:02:38,406 - INFO -  194564 95563 10865.6722  105    4 11237.4659 10584.9294  5.81%   9.1  125s
2025-07-08 16:02:43,258 - INFO -  206643 103198 11130.0590  150   10 11237.4659 10590.2720  5.76%   9.1  130s
2025-07-08 16:02:48,152 - INFO -  220410 112264 infeasible  101      11237.4659 10595.2122  5.72%   9.0  135s
2025-07-08 16:02:53,315 - INFO -  233411 120540 10941.8768   80    8 11237.4659 10600.0493  5.67%   8.9  140s
2025-07-08 16:02:58,204 - INFO -  246773 129444 10820.8729   71   55 11237.4659 10603.9934  5.64%   8.9  145s
2025-07-08 16:03:03,116 - INFO -  260135 137740 10826.2813   93   20 11237.4659 10607.2483  5.61%   8.9  150s
2025-07-08 16:03:08,115 - INFO -  273623 146433 10922.2191   77   34 11237.4659 10611.0331  5.57%   8.8  155s
2025-07-08 16:03:13,137 - INFO -  284045 152453 10884.4372   72    6 11237.4659 10614.0133  5.55%   8.8  160s
2025-07-08 16:03:18,156 - INFO -  294682 159712 10988.4937   98   24 11237.4659 10616.2626  5.53%   8.8  165s
2025-07-08 16:03:23,295 - INFO -  308557 168979     cutoff   91      11237.4659 10620.1997  5.49%   8.7  170s
2025-07-08 16:03:28,113 - INFO -  321248 176952 11065.6366  115   14 11237.4659 10622.8948  5.47%   8.7  175s
2025-07-08 16:03:33,269 - INFO -  334176 185179 10697.4069   89   26 11237.4659 10625.8954  5.44%   8.7  180s
2025-07-08 16:03:38,393 - INFO -  347039 193914 10853.5912  149    6 11237.4659 10628.5641  5.42%   8.7  185s
2025-07-08 16:03:43,368 - INFO -  359528 201436 10892.2646   88   16 11237.4659 10630.9774  5.40%   8.7  190s
2025-07-08 16:03:48,483 - INFO -  371774 208924 11195.3637   77    6 11237.4659 10633.1641  5.38%   8.6  195s
2025-07-08 16:03:53,284 - INFO -  384168 216750 10936.6577  115   23 11237.4659 10635.3959  5.36%   8.6  200s
2025-07-08 16:03:58,122 - INFO -  396600 224607 10883.9725   99   19 11237.4659 10637.4348  5.34%   8.6  205s
2025-07-08 16:04:03,108 - INFO -  409008 232420 10980.1491  112   32 11237.4659 10639.5571  5.32%   8.6  210s
2025-07-08 16:04:08,381 - INFO -  421897 240649 10986.0603  134   14 11237.4659 10641.7729  5.30%   8.6  215s
2025-07-08 16:04:13,404 - INFO -  433201 247188 10931.0677   91    8 11237.4659 10643.2359  5.29%   8.6  220s
2025-07-08 16:04:18,390 - INFO -  445118 255063 10701.8368   71   12 11237.4659 10645.2384  5.27%   8.6  225s
2025-07-08 16:04:23,399 - INFO -  457226 262554 10841.3464   71   12 11237.4659 10646.6767  5.26%   8.6  230s
2025-07-08 16:04:28,348 - INFO -  468961 269360 11152.6570  104    8 11237.4659 10648.2670  5.24%   8.6  235s
2025-07-08 16:04:33,242 - INFO -  481006 277108 10918.8463   73   23 11237.4659 10649.9007  5.23%   8.6  240s
2025-07-08 16:04:38,128 - INFO -  492875 284661 11061.3660   86    6 11237.4659 10651.3449  5.22%   8.6  245s
2025-07-08 16:04:43,118 - INFO -  505499 291941 10782.0982   71   38 11237.4659 10653.0281  5.20%   8.6  250s
2025-07-08 16:04:48,211 - INFO -  518811 300722 10898.0489  115   18 11237.4659 10654.8795  5.18%   8.6  255s
2025-07-08 16:04:53,609 - INFO -  527712 306137 10798.6504   71   16 11237.4659 10655.7378  5.18%   8.5  260s
2025-07-08 16:04:58,277 - INFO -  536997 312534 11144.4705   73   24 11237.4659 10657.2663  5.16%   8.5  265s
2025-07-08 16:05:03,312 - INFO -  549883 320138 10905.7533  126   18 11237.4659 10658.8137  5.15%   8.5  270s
2025-07-08 16:05:08,620 - INFO -  564008 329326 10965.1905   91   31 11237.4659 10660.5243  5.13%   8.5  275s
2025-07-08 16:05:13,228 - INFO -  577021 337033 10830.0309  144   20 11237.4659 10662.1120  5.12%   8.5  280s
2025-07-08 16:05:18,215 - INFO -  589760 344749 10989.8238   82   11 11237.4659 10663.3803  5.11%   8.5  285s
2025-07-08 16:05:23,172 - INFO -  602616 352999 10914.5560  130   22 11237.4659 10664.9041  5.10%   8.5  290s
2025-07-08 16:05:28,430 - INFO -  615799 361415 10849.5870   63   12 11237.4659 10666.2270  5.08%   8.5  295s
2025-07-08 16:05:33,115 - INFO -  628287 369551     cutoff  155      11237.4659 10667.6285  5.07%   8.5  300s
2025-07-08 16:05:38,153 - INFO -  640933 377794 11122.6829   79   20 11237.4659 10668.7819  5.06%   8.5  305s
2025-07-08 16:05:43,183 - INFO -  653674 385868 10850.6706  112   31 11237.4659 10670.0314  5.05%   8.5  310s
2025-07-08 16:05:48,355 - INFO -  667496 393907 infeasible  104      11237.4659 10671.1709  5.04%   8.5  315s
2025-07-08 16:05:53,269 - INFO -  678879 400818 10787.8769   80   51 11237.4659 10672.2533  5.03%   8.5  320s
2025-07-08 16:05:58,280 - INFO -  690671 408280 10911.5691   77   44 11237.4659 10673.5454  5.02%   8.5  325s
2025-07-08 16:06:03,167 - INFO -  702490 415860 10798.7928   89   15 11237.4659 10674.5085  5.01%   8.4  330s
2025-07-08 16:06:08,244 - INFO -  713788 422967 10810.5886   84   33 11237.4659 10675.4223  5.00%   8.4  335s
2025-07-08 16:06:13,532 - INFO -  727446 431321 10770.9900   77   20 11237.4659 10676.6112  4.99%   8.4  340s
2025-07-08 16:06:18,276 - INFO -  740494 440062 10716.2308   72   12 11237.4659 10677.7628  4.98%   8.4  345s
2025-07-08 16:06:23,284 - INFO -  753147 448385 11181.2184  107    7 11237.4659 10679.0869  4.97%   8.4  350s
2025-07-08 16:06:28,307 - INFO -  766067 456653 10857.6515   73   17 11237.4659 10680.1916  4.96%   8.4  355s
2025-07-08 16:06:33,439 - INFO -  776650 463620 10927.2578  108   14 11237.4659 10680.9685  4.95%   8.4  360s
2025-07-08 16:06:38,330 - INFO -  788928 470935 11004.3982   99    8 11237.4659 10682.1256  4.94%   8.4  365s
2025-07-08 16:06:43,187 - INFO -  800428 477404 10965.0926   83    6 11237.4659 10683.0890  4.93%   8.4  370s
2025-07-08 16:06:48,427 - INFO -  814575 485828 11128.7195   70   48 11237.4659 10684.2006  4.92%   8.4  375s
2025-07-08 16:06:53,169 - INFO -  826704 493423 11051.9223  123    8 11237.4659 10685.1523  4.91%   8.4  380s
2025-07-08 16:06:58,282 - INFO -  839070 501097 10998.5482  115   23 11237.4659 10686.1375  4.91%   8.4  385s
2025-07-08 16:07:03,296 - INFO -  851619 508528 10930.5718  103   12 11237.4659 10687.2175  4.90%   8.4  390s
2025-07-08 16:07:08,338 - INFO -  863893 515798     cutoff  114      11237.4659 10688.2159  4.89%   8.4  395s
2025-07-08 16:07:13,281 - INFO -  876573 523749 11150.2637   97   16 11237.4659 10689.1342  4.88%   8.4  400s
2025-07-08 16:07:18,218 - INFO -  888417 531458 10904.9171  119    8 11237.4659 10690.0022  4.87%   8.4  405s
2025-07-08 16:07:23,265 - INFO -  900687 539574 10867.2890  105   23 11237.4659 10690.8762  4.86%   8.4  410s
2025-07-08 16:07:28,415 - INFO -  912042 546413 10901.8789   82   10 11237.4659 10691.6571  4.86%   8.4  415s
2025-07-08 16:07:33,245 - INFO -  922720 552564 10819.1667   86   27 11237.4659 10692.4943  4.85%   8.4  420s
2025-07-08 16:07:38,175 - INFO -  933746 559592 10963.6465   71   20 11237.4659 10693.2832  4.84%   8.4  425s
2025-07-08 16:07:43,429 - INFO -  944749 565965     cutoff  119      11237.4659 10693.9988  4.84%   8.4  430s
2025-07-08 16:07:48,115 - INFO -  952354 571060 10771.7540   71   12 11237.4659 10694.5200  4.83%   8.4  435s
2025-07-08 16:07:53,197 - INFO -  964629 578076     cutoff   90      11237.4659 10695.3126  4.82%   8.4  440s
2025-07-08 16:07:58,270 - INFO -  977109 585685 11020.8764   72   28 11237.4659 10696.1547  4.82%   8.4  445s
2025-07-08 16:08:03,152 - INFO -  988686 593020 10975.0257  106   16 11237.4659 10696.8884  4.81%   8.4  450s
2025-07-08 16:08:08,132 - INFO -  1000971 600533 10905.0157  111   13 11237.4659 10697.7613  4.80%   8.4  455s
2025-07-08 16:08:13,394 - INFO -  1013407 608232 10927.0346   96   20 11237.4659 10698.6989  4.79%   8.4  460s
2025-07-08 16:08:18,208 - INFO -  1025521 615546 10888.2968   74   51 11237.4659 10699.4889  4.79%   8.4  465s
2025-07-08 16:08:22,381 - INFO - H1034428 620126                    11237.465080 10700.0742  4.78%   8.4  469s
2025-07-08 16:08:23,164 - INFO -  1034818 620133 10833.5212   81    8 11237.4651 10700.1035  4.78%   8.4  470s
2025-07-08 16:08:28,458 - INFO -  1042535 625306 10886.7378   73   14 11237.4651 10700.6061  4.78%   8.4  475s
2025-07-08 16:08:33,463 - INFO -  1052770 631123 infeasible   84      11237.4651 10701.3245  4.77%   8.4  480s
2025-07-08 16:08:38,307 - INFO -  1063551 637644 10771.6038   72   12 11237.4651 10701.9939  4.77%   8.4  485s
2025-07-08 16:08:43,164 - INFO -  1074282 643863 11071.8212   72   36 11237.4651 10702.7265  4.76%   8.4  490s
2025-07-08 16:08:48,239 - INFO -  1084791 650409 11061.9490  112    8 11237.4651 10703.3780  4.75%   8.4  495s
2025-07-08 16:08:53,297 - INFO -  1095918 657122 10839.9012   71   12 11237.4651 10704.0725  4.75%   8.4  500s
2025-07-08 16:08:58,459 - INFO -  1106802 664114 10927.2318  122   11 11237.4651 10704.7653  4.74%   8.4  505s
2025-07-08 16:09:03,330 - INFO -  1116385 670119 10994.3642  113   15 11237.4651 10705.4599  4.73%   8.4  510s
2025-07-08 16:09:08,139 - INFO -  1126446 676038 11126.7507   86    4 11237.4651 10706.1233  4.73%   8.4  515s
2025-07-08 16:09:13,141 - INFO -  1136995 682147 infeasible   97      11237.4651 10706.7184  4.72%   8.4  520s
2025-07-08 16:09:18,395 - INFO -  1146990 687701 10951.7623  101   33 11237.4651 10707.4259  4.72%   8.4  525s
2025-07-08 16:09:23,476 - INFO -  1157197 693754 10950.2635   72   19 11237.4651 10707.9608  4.71%   8.4  530s
2025-07-08 16:09:28,105 - INFO -  1166339 699115     cutoff  134      11237.4651 10708.5577  4.71%   8.4  535s
2025-07-08 16:09:33,292 - INFO -  1177029 705519 10944.2279   84    6 11237.4651 10709.1917  4.70%   8.4  540s
2025-07-08 16:09:38,224 - INFO -  1187348 711821 11182.8706   77    6 11237.4651 10709.8157  4.70%   8.4  545s
2025-07-08 16:09:43,218 - INFO -  1198626 718330 11063.4899  108   19 11237.4651 10710.4553  4.69%   8.4  550s
2025-07-08 16:09:48,188 - INFO -  1209857 724914 11059.9072  105    6 11237.4651 10711.0392  4.68%   8.4  555s
2025-07-08 16:09:53,171 - INFO -  1220721 731292 11012.4458  130   15 11237.4651 10711.6158  4.68%   8.4  560s
2025-07-08 16:09:58,167 - INFO -  1231410 737949 10760.7742   84   24 11237.4651 10712.2812  4.67%   8.4  565s
2025-07-08 16:10:03,237 - INFO -  1242917 744812 infeasible  134      11237.4651 10712.8525  4.67%   8.4  570s
2025-07-08 16:10:08,219 - INFO -  1253244 751025 11066.4762   89   27 11237.4651 10713.4121  4.66%   8.4  575s
2025-07-08 16:10:13,264 - INFO -  1263268 756678 10877.8852   89   11 11237.4651 10713.9157  4.66%   8.4  580s
2025-07-08 16:10:18,286 - INFO -  1275199 763730 10880.2505  104   13 11237.4651 10714.6376  4.65%   8.4  585s
2025-07-08 16:10:23,171 - INFO -  1286360 770463 10918.6930   86   16 11237.4651 10715.1919  4.65%   8.4  590s
2025-07-08 16:10:28,094 - INFO -  1296384 776527 10805.8774   95   27 11237.4651 10715.7503  4.64%   8.4  595s
2025-07-08 16:10:33,093 - INFO -  1307202 782413 10751.7957   95   11 11237.4651 10716.2713  4.64%   8.4  600s
2025-07-08 16:10:33,108 - INFO - 
2025-07-08 16:10:33,109 - INFO - Cutting planes:
2025-07-08 16:10:33,109 - INFO -   Learned: 44
2025-07-08 16:10:33,109 - INFO -   Gomory: 61
2025-07-08 16:10:33,110 - INFO -   Cover: 72
2025-07-08 16:10:33,110 - INFO -   Implied bound: 20
2025-07-08 16:10:33,110 - INFO -   Projected implied bound: 9
2025-07-08 16:10:33,110 - INFO -   MIR: 27
2025-07-08 16:10:33,111 - INFO -   Mixing: 7
2025-07-08 16:10:33,111 - INFO -   Flow cover: 199
2025-07-08 16:10:33,111 - INFO -   Inf proof: 123
2025-07-08 16:10:33,111 - INFO -   Zero half: 28
2025-07-08 16:10:33,112 - INFO -   RLT: 18
2025-07-08 16:10:33,112 - INFO -   Relax-and-lift: 35
2025-07-08 16:10:33,114 - INFO - 
2025-07-08 16:10:33,115 - INFO - Explored 1307942 nodes (10985793 simplex iterations) in 600.02 seconds (274.31 work units)
2025-07-08 16:10:33,115 - INFO - Thread count was 8 (of 8 available processors)
2025-07-08 16:10:33,115 - INFO - 
2025-07-08 16:10:33,115 - INFO - Solution count 10: 11237.5 11238.4 11347.9 ... 11587.4
2025-07-08 16:10:33,116 - INFO - 
2025-07-08 16:10:33,116 - INFO - Time limit reached
2025-07-08 16:10:33,117 - INFO - Best objective 1.123746508030e+04, best bound 1.071629670804e+04, gap 4.6378%
2025-07-08 16:10:35,714 - WARNING - Loading a SolverResults object with an 'aborted' status, but containing a solution
2025-07-08 16:10:37,023 - INFO - Plot saved e:\hands_on_opt\Tsp_Tirupathi_2\output_files\plots\tour_gurobi_40.png
2025-07-08 16:10:37,109 - INFO - Gurobi solving n=50 (limit=600s)...
2025-07-08 16:10:37,716 - INFO - Read LP format model from file C:\Users\HP\AppData\Local\Temp\tmprddcr8rf.pyomo.lp
2025-07-08 16:10:37,717 - INFO - Reading time = 0.28 seconds
2025-07-08 16:10:37,718 - INFO - x1: 2452 rows, 2499 columns, 11956 nonzeros
2025-07-08 16:10:37,721 - INFO - Set parameter TimeLimit to value 600
2025-07-08 16:10:37,722 - INFO - Set parameter MIPGap to value 0.0001
2025-07-08 16:10:37,724 - INFO - Gurobi Optimizer version 12.0.1 build v12.0.1rc0 (win64 - Windows 11.0 (22631.2))
2025-07-08 16:10:37,726 - INFO - 
2025-07-08 16:10:37,727 - INFO - CPU model: AMD Ryzen 5 3550H with Radeon Vega Mobile Gfx, instruction set [SSE2|AVX|AVX2]
2025-07-08 16:10:37,729 - INFO - Thread count: 4 physical cores, 8 logical processors, using up to 8 threads
2025-07-08 16:10:37,729 - INFO - 
2025-07-08 16:10:37,731 - INFO - Non-default parameters:
2025-07-08 16:10:37,731 - INFO - TimeLimit  600
2025-07-08 16:10:37,733 - INFO - 
2025-07-08 16:10:37,735 - INFO - Optimize a model with 2452 rows, 2499 columns and 11956 nonzeros
2025-07-08 16:10:37,737 - INFO - Model fingerprint: 0x980d9567
2025-07-08 16:10:37,737 - INFO - Variable types: 49 continuous, 2450 integer (2450 binary)
2025-07-08 16:10:37,738 - INFO - Coefficient statistics:
2025-07-08 16:10:37,739 - INFO -   Matrix range     [1e+00, 5e+01]
2025-07-08 16:10:37,740 - INFO -   Objective range  [2e+01, 3e+03]
2025-07-08 16:10:37,742 - INFO -   Bounds range     [1e+00, 5e+01]
2025-07-08 16:10:37,743 - INFO -   RHS range        [1e+00, 5e+01]
2025-07-08 16:10:37,793 - INFO - Presolve time: 0.05s
2025-07-08 16:10:37,794 - INFO - Presolved: 2452 rows, 2499 columns, 11956 nonzeros
2025-07-08 16:10:37,817 - INFO - Variable types: 49 continuous, 2450 integer (2450 binary)
2025-07-08 16:10:37,844 - INFO - Found heuristic solution: objective 52637.912181
2025-07-08 16:10:37,869 - INFO - 
2025-07-08 16:10:37,870 - INFO - Root relaxation: objective 8.877614e+03, 176 iterations, 0.02 seconds (0.00 work units)
2025-07-08 16:10:37,919 - INFO - 
2025-07-08 16:10:37,920 - INFO -     Nodes    |    Current Node    |     Objective Bounds      |     Work
2025-07-08 16:10:37,920 - INFO -  Expl Unexpl |  Obj  Depth IntInf | Incumbent    BestBd   Gap | It/Node Time
2025-07-08 16:10:37,921 - INFO - 
2025-07-08 16:10:37,921 - INFO -      0     0 8877.61364    0   66 52637.9122 8877.61364  83.1%     -    0s
2025-07-08 16:10:38,105 - INFO - H    0     0                    16037.332727 8877.61364  44.6%     -    0s
2025-07-08 16:10:38,127 - INFO - H    0     0                    15816.239301 8877.61364  43.9%     -    0s
2025-07-08 16:10:38,130 - INFO - H    0     0                    14685.421467 8877.61364  39.5%     -    0s
2025-07-08 16:10:38,251 - INFO - H    0     0                    14595.374543 8877.61364  39.2%     -    0s
2025-07-08 16:10:38,358 - INFO - H    0     0                    14494.187035 8877.61364  38.8%     -    0s
2025-07-08 16:10:38,411 - INFO - H    0     0                    14104.255661 8877.61364  37.1%     -    0s
2025-07-08 16:10:38,470 - INFO - H    0     0                    13883.745121 8877.61364  36.1%     -    0s
2025-07-08 16:10:38,664 - INFO - H    0     0                    13699.915460 8877.61364  35.2%     -    0s
2025-07-08 16:10:38,972 - INFO - H    0     0                    13506.930175 8877.61364  34.3%     -    1s
2025-07-08 16:10:39,005 - INFO -      0     0 9816.37598    0  110 13506.9302 9816.37598  27.3%     -    1s
2025-07-08 16:10:39,079 - INFO - H    0     0                    13437.792188 9816.37598  26.9%     -    1s
2025-07-08 16:10:39,384 - INFO -      0     0 9816.37598    0  104 13437.7922 9816.37598  26.9%     -    1s
2025-07-08 16:10:39,522 - INFO -      0     0 10330.6756    0   97 13437.7922 10330.6756  23.1%     -    1s
2025-07-08 16:10:39,541 - INFO -      0     0 10330.6756    0   76 13437.7922 10330.6756  23.1%     -    1s
2025-07-08 16:10:39,556 - INFO -      0     0 10330.6756    0   80 13437.7922 10330.6756  23.1%     -    1s
2025-07-08 16:10:39,569 - INFO -      0     0 10330.6756    0   80 13437.7922 10330.6756  23.1%     -    1s
2025-07-08 16:10:39,705 - INFO -      0     0 10355.6953    0   93 13437.7922 10355.6953  22.9%     -    1s
2025-07-08 16:10:39,723 - INFO -      0     0 10375.7150    0  104 13437.7922 10375.7150  22.8%     -    1s
2025-07-08 16:10:39,745 - INFO -      0     0 10375.7150    0  104 13437.7922 10375.7150  22.8%     -    2s
2025-07-08 16:10:39,759 - INFO -      0     0 10375.7150    0  104 13437.7922 10375.7150  22.8%     -    2s
2025-07-08 16:10:39,962 - INFO -      0     0 10407.0407    0  103 13437.7922 10407.0407  22.6%     -    2s
2025-07-08 16:10:39,983 - INFO -      0     0 10415.5947    0   98 13437.7922 10415.5947  22.5%     -    2s
2025-07-08 16:10:39,999 - INFO -      0     0 10442.0794    0   98 13437.7922 10442.0794  22.3%     -    2s
2025-07-08 16:10:40,147 - INFO -      0     0 10442.0794    0  103 13437.7922 10442.0794  22.3%     -    2s
2025-07-08 16:10:40,167 - INFO -      0     0 10442.0794    0  103 13437.7922 10442.0794  22.3%     -    2s
2025-07-08 16:10:40,307 - INFO -      0     0 10442.0794    0  103 13437.7922 10442.0794  22.3%     -    2s
2025-07-08 16:10:40,499 - INFO -      0     0 10442.0794    0   93 13437.7922 10442.0794  22.3%     -    2s
2025-07-08 16:10:40,513 - INFO -      0     0 10442.0794    0   93 13437.7922 10442.0794  22.3%     -    2s
2025-07-08 16:10:40,594 - INFO -      0     0 10442.0794    0   97 13437.7922 10442.0794  22.3%     -    2s
2025-07-08 16:10:40,603 - INFO -      0     0 10442.0794    0   97 13437.7922 10442.0794  22.3%     -    2s
2025-07-08 16:10:40,714 - INFO -      0     0 10442.0794    0   97 13437.7922 10442.0794  22.3%     -    2s
2025-07-08 16:10:40,769 - INFO -      0     0 10442.0794    0   97 13437.7922 10442.0794  22.3%     -    3s
2025-07-08 16:10:40,987 - INFO -      0     2 10493.1258    0   97 13437.7922 10493.1258  21.9%     -    3s
2025-07-08 16:10:41,616 - INFO - H  534   525                    13412.965371 10514.2429  21.6%   7.2    3s
2025-07-08 16:10:41,813 - INFO - H  605   586                    13372.602883 10514.2429  21.4%   7.1    4s
2025-07-08 16:10:42,836 - INFO -   1122  1041 10711.7984   59   97 13372.6029 10519.4809  21.3%   6.5    5s
2025-07-08 16:10:43,383 - INFO - H 1123   989                    13346.783493 10519.4809  21.2%   6.5    5s
2025-07-08 16:10:48,166 - INFO -   1138   999 10656.6155   17  105 13346.7835 10656.6155  20.2%   6.4   10s
2025-07-08 16:10:49,571 - INFO - H 1145   953                    12850.402455 11091.4825  13.7%   6.3   11s
2025-07-08 16:10:49,681 - INFO - H 1146   906                    12838.519465 11091.4867  13.6%   6.3   11s
2025-07-08 16:10:49,682 - INFO - H 1146   860                    12791.486060 11091.4867  13.3%   6.3   11s
2025-07-08 16:10:50,079 - INFO - H 1148   817                    12783.801920 11091.4867  13.2%   6.3   12s
2025-07-08 16:10:50,081 - INFO - H 1148   776                    12712.689261 11091.4867  12.8%   6.3   12s
2025-07-08 16:10:50,231 - INFO - H 1148   737                    12687.941489 11092.3683  12.6%   6.3   12s
2025-07-08 16:10:50,232 - INFO - H 1148   700                    12686.965317 11092.3683  12.6%   6.3   12s
2025-07-08 16:10:50,233 - INFO - H 1148   664                    12663.114672 11092.3683  12.4%   6.3   12s
2025-07-08 16:10:52,745 - INFO -   1331   812 11092.3683   23   94 12663.1147 11092.3683  12.4%  10.8   15s
2025-07-08 16:10:53,597 - INFO - H 1747  1033                    12616.220686 11092.3683  12.1%  13.3   15s
2025-07-08 16:10:53,806 - INFO - H 1868  1035                    12358.969795 11092.3683  10.2%  13.5   16s
2025-07-08 16:10:55,390 - INFO - H 2891  1134                    12220.070186 11092.3683  9.23%  12.9   17s
2025-07-08 16:10:55,391 - INFO - H 2901  1133                    12218.899495 11092.3683  9.22%  12.9   17s
2025-07-08 16:10:56,466 - INFO - H 3995  1858                    12206.485841 11092.3683  9.13%  11.6   18s
2025-07-08 16:10:58,012 - INFO -   5206  2600 11849.7030   56   37 12206.4858 11092.3683  9.13%  11.9   20s
2025-07-08 16:11:01,205 - INFO - * 8403  5088             164    12198.609615 11138.8625  8.69%  10.5   23s
2025-07-08 16:11:01,206 - INFO - * 8412  5057             165    12181.514752 11138.8625  8.56%  10.5   23s
2025-07-08 16:11:02,951 - INFO -  10012  6537 11539.0516  190   18 12181.5148 11141.0207  8.54%  10.5   25s
2025-07-08 16:11:03,758 - INFO - *11635  7280             181    12178.260388 11143.3142  8.50%  10.1   26s
2025-07-08 16:11:03,760 - INFO - *11638  7219             182    12161.165525 11143.3142  8.37%  10.1   26s
2025-07-08 16:11:04,194 - INFO - *12063  7687             214    12138.440981 11143.3285  8.20%  10.0   26s
